ERROR - 2023-02-12 00:00:39 --> mysqli_sql_exception: Column 'Fecha' cannot be null in C:\xampp\htdocs\cafeteria\system\Database\MySQLi\Connection.php:295
Stack trace:
#0 C:\xampp\htdocs\cafeteria\system\Database\MySQLi\Connection.php(295): mysqli->query('INSERT INTO `pr...', 0)
#1 C:\xampp\htdocs\cafeteria\system\Database\BaseConnection.php(691): CodeIgniter\Database\MySQLi\Connection->execute('INSERT INTO `pr...')
#2 C:\xampp\htdocs\cafeteria\system\Database\BaseConnection.php(605): CodeIgniter\Database\BaseConnection->simpleQuery('INSERT INTO `pr...')
#3 C:\xampp\htdocs\cafeteria\system\Database\BaseBuilder.php(2295): CodeIgniter\Database\BaseConnection->query('INSERT INTO `pr...', Array, false)
#4 C:\xampp\htdocs\cafeteria\system\Model.php(329): CodeIgniter\Database\BaseBuilder->insert()
#5 C:\xampp\htdocs\cafeteria\system\BaseModel.php(782): CodeIgniter\Model->doInsert(Array)
#6 C:\xampp\htdocs\cafeteria\system\Model.php(729): CodeIgniter\BaseModel->insert(Array, true)
#7 C:\xampp\htdocs\cafeteria\app\Controllers\Productos.php(43): CodeIgniter\Model->insert(Array)
#8 C:\xampp\htdocs\cafeteria\system\CodeIgniter.php(934): App\Controllers\Productos->guardar()
#9 C:\xampp\htdocs\cafeteria\system\CodeIgniter.php(499): CodeIgniter\CodeIgniter->runController(Object(App\Controllers\Productos))
#10 C:\xampp\htdocs\cafeteria\system\CodeIgniter.php(368): CodeIgniter\CodeIgniter->handleRequest(NULL, Object(Config\Cache), false)
#11 C:\xampp\htdocs\cafeteria\public\index.php(67): CodeIgniter\CodeIgniter->run()
#12 {main}
CRITICAL - 2023-02-12 00:00:39 --> Column 'Fecha' cannot be null
in SYSTEMPATH\Database\BaseConnection.php on line 645.
 1 SYSTEMPATH\Database\BaseBuilder.php(2295): CodeIgniter\Database\BaseConnection->query('INSERT INTO `productos` (`Nombre_Producto`, `Referencia`, `Precio`, `Peso`, `Categoria`, `Stock`, `Fecha`) VALUES (:Nombre_Producto:, :Referencia:, :Precio:, :Peso:, :Categoria:, :Stock:, :Fecha:)', [...], false)
 2 SYSTEMPATH\Model.php(329): CodeIgniter\Database\BaseBuilder->insert()
 3 SYSTEMPATH\BaseModel.php(782): CodeIgniter\Model->doInsert([...])
 4 SYSTEMPATH\Model.php(729): CodeIgniter\BaseModel->insert([...], true)
 5 APPPATH\Controllers\Productos.php(43): CodeIgniter\Model->insert([...])
 6 SYSTEMPATH\CodeIgniter.php(934): App\Controllers\Productos->guardar()
 7 SYSTEMPATH\CodeIgniter.php(499): CodeIgniter\CodeIgniter->runController(Object(App\Controllers\Productos))
 8 SYSTEMPATH\CodeIgniter.php(368): CodeIgniter\CodeIgniter->handleRequest(null, Object(Config\Cache), false)
 9 FCPATH\index.php(67): CodeIgniter\CodeIgniter->run()
CRITICAL - 2023-02-12 00:00:58 --> Call to undefined method CodeIgniter\HTTP\IncomingRequest::getDate()
in APPPATH\Controllers\Productos.php on line 39.
 1 SYSTEMPATH\CodeIgniter.php(934): App\Controllers\Productos->guardar()
 2 SYSTEMPATH\CodeIgniter.php(499): CodeIgniter\CodeIgniter->runController(Object(App\Controllers\Productos))
 3 SYSTEMPATH\CodeIgniter.php(368): CodeIgniter\CodeIgniter->handleRequest(null, Object(Config\Cache), false)
 4 FCPATH\index.php(67): CodeIgniter\CodeIgniter->run()
ERROR - 2023-02-12 00:01:22 --> mysqli_sql_exception: Column 'Fecha' cannot be null in C:\xampp\htdocs\cafeteria\system\Database\MySQLi\Connection.php:295
Stack trace:
#0 C:\xampp\htdocs\cafeteria\system\Database\MySQLi\Connection.php(295): mysqli->query('INSERT INTO `pr...', 0)
#1 C:\xampp\htdocs\cafeteria\system\Database\BaseConnection.php(691): CodeIgniter\Database\MySQLi\Connection->execute('INSERT INTO `pr...')
#2 C:\xampp\htdocs\cafeteria\system\Database\BaseConnection.php(605): CodeIgniter\Database\BaseConnection->simpleQuery('INSERT INTO `pr...')
#3 C:\xampp\htdocs\cafeteria\system\Database\BaseBuilder.php(2295): CodeIgniter\Database\BaseConnection->query('INSERT INTO `pr...', Array, false)
#4 C:\xampp\htdocs\cafeteria\system\Model.php(329): CodeIgniter\Database\BaseBuilder->insert()
#5 C:\xampp\htdocs\cafeteria\system\BaseModel.php(782): CodeIgniter\Model->doInsert(Array)
#6 C:\xampp\htdocs\cafeteria\system\Model.php(729): CodeIgniter\BaseModel->insert(Array, true)
#7 C:\xampp\htdocs\cafeteria\app\Controllers\Productos.php(43): CodeIgniter\Model->insert(Array)
#8 C:\xampp\htdocs\cafeteria\system\CodeIgniter.php(934): App\Controllers\Productos->guardar()
#9 C:\xampp\htdocs\cafeteria\system\CodeIgniter.php(499): CodeIgniter\CodeIgniter->runController(Object(App\Controllers\Productos))
#10 C:\xampp\htdocs\cafeteria\system\CodeIgniter.php(368): CodeIgniter\CodeIgniter->handleRequest(NULL, Object(Config\Cache), false)
#11 C:\xampp\htdocs\cafeteria\public\index.php(67): CodeIgniter\CodeIgniter->run()
#12 {main}
CRITICAL - 2023-02-12 00:01:22 --> Column 'Fecha' cannot be null
in SYSTEMPATH\Database\BaseConnection.php on line 645.
 1 SYSTEMPATH\Database\BaseBuilder.php(2295): CodeIgniter\Database\BaseConnection->query('INSERT INTO `productos` (`Nombre_Producto`, `Referencia`, `Precio`, `Peso`, `Categoria`, `Stock`, `Fecha`) VALUES (:Nombre_Producto:, :Referencia:, :Precio:, :Peso:, :Categoria:, :Stock:, :Fecha:)', [...], false)
 2 SYSTEMPATH\Model.php(329): CodeIgniter\Database\BaseBuilder->insert()
 3 SYSTEMPATH\BaseModel.php(782): CodeIgniter\Model->doInsert([...])
 4 SYSTEMPATH\Model.php(729): CodeIgniter\BaseModel->insert([...], true)
 5 APPPATH\Controllers\Productos.php(43): CodeIgniter\Model->insert([...])
 6 SYSTEMPATH\CodeIgniter.php(934): App\Controllers\Productos->guardar()
 7 SYSTEMPATH\CodeIgniter.php(499): CodeIgniter\CodeIgniter->runController(Object(App\Controllers\Productos))
 8 SYSTEMPATH\CodeIgniter.php(368): CodeIgniter\CodeIgniter->handleRequest(null, Object(Config\Cache), false)
 9 FCPATH\index.php(67): CodeIgniter\CodeIgniter->run()
CRITICAL - 2023-02-12 00:03:52 --> syntax error, unexpected single-quoted string "Fecha", expecting "]"
in APPPATH\Controllers\Productos.php on line 39.
 1 SYSTEMPATH\Autoloader\Autoloader.php(289): CodeIgniter\Autoloader\Autoloader->includeFile('APPPATH\\Controllers\\Productos.php')
 2 SYSTEMPATH\Autoloader\Autoloader.php(267): CodeIgniter\Autoloader\Autoloader->loadInNamespace('App\\Controllers\\Productos')
 3 [internal function]: CodeIgniter\Autoloader\Autoloader->loadClass('App\\Controllers\\Productos')
 4 SYSTEMPATH\CodeIgniter.php(892): class_exists('\\App\\Controllers\\Productos', true)
 5 SYSTEMPATH\CodeIgniter.php(486): CodeIgniter\CodeIgniter->startController()
 6 SYSTEMPATH\CodeIgniter.php(368): CodeIgniter\CodeIgniter->handleRequest(null, Object(Config\Cache), false)
 7 FCPATH\index.php(67): CodeIgniter\CodeIgniter->run()
CRITICAL - 2023-02-12 00:07:41 --> syntax error, unexpected single-quoted string "Fecha", expecting "]"
in APPPATH\Controllers\Productos.php on line 39.
 1 SYSTEMPATH\Autoloader\Autoloader.php(289): CodeIgniter\Autoloader\Autoloader->includeFile('APPPATH\\Controllers\\Productos.php')
 2 SYSTEMPATH\Autoloader\Autoloader.php(267): CodeIgniter\Autoloader\Autoloader->loadInNamespace('App\\Controllers\\Productos')
 3 [internal function]: CodeIgniter\Autoloader\Autoloader->loadClass('App\\Controllers\\Productos')
 4 SYSTEMPATH\CodeIgniter.php(892): class_exists('\\App\\Controllers\\Productos', true)
 5 SYSTEMPATH\CodeIgniter.php(486): CodeIgniter\CodeIgniter->startController()
 6 SYSTEMPATH\CodeIgniter.php(368): CodeIgniter\CodeIgniter->handleRequest(null, Object(Config\Cache), false)
 7 FCPATH\index.php(67): CodeIgniter\CodeIgniter->run()
CRITICAL - 2023-02-12 00:07:44 --> syntax error, unexpected single-quoted string "Fecha", expecting "]"
in APPPATH\Controllers\Productos.php on line 39.
 1 SYSTEMPATH\Autoloader\Autoloader.php(289): CodeIgniter\Autoloader\Autoloader->includeFile('APPPATH\\Controllers\\Productos.php')
 2 SYSTEMPATH\Autoloader\Autoloader.php(267): CodeIgniter\Autoloader\Autoloader->loadInNamespace('App\\Controllers\\Productos')
 3 [internal function]: CodeIgniter\Autoloader\Autoloader->loadClass('App\\Controllers\\Productos')
 4 SYSTEMPATH\CodeIgniter.php(892): class_exists('\\App\\Controllers\\Productos', true)
 5 SYSTEMPATH\CodeIgniter.php(486): CodeIgniter\CodeIgniter->startController()
 6 SYSTEMPATH\CodeIgniter.php(368): CodeIgniter\CodeIgniter->handleRequest(null, Object(Config\Cache), false)
 7 FCPATH\index.php(67): CodeIgniter\CodeIgniter->run()
CRITICAL - 2023-02-12 00:09:33 --> syntax error, unexpected single-quoted string "Fecha", expecting "]"
in APPPATH\Controllers\Productos.php on line 39.
 1 SYSTEMPATH\Autoloader\Autoloader.php(289): CodeIgniter\Autoloader\Autoloader->includeFile('APPPATH\\Controllers\\Productos.php')
 2 SYSTEMPATH\Autoloader\Autoloader.php(267): CodeIgniter\Autoloader\Autoloader->loadInNamespace('App\\Controllers\\Productos')
 3 [internal function]: CodeIgniter\Autoloader\Autoloader->loadClass('App\\Controllers\\Productos')
 4 SYSTEMPATH\CodeIgniter.php(892): class_exists('\\App\\Controllers\\Productos', true)
 5 SYSTEMPATH\CodeIgniter.php(486): CodeIgniter\CodeIgniter->startController()
 6 SYSTEMPATH\CodeIgniter.php(368): CodeIgniter\CodeIgniter->handleRequest(null, Object(Config\Cache), false)
 7 FCPATH\index.php(67): CodeIgniter\CodeIgniter->run()
CRITICAL - 2023-02-12 00:11:17 --> syntax error, unexpected single-quoted string "Fecha", expecting "]"
in APPPATH\Controllers\Productos.php on line 39.
 1 SYSTEMPATH\Autoloader\Autoloader.php(289): CodeIgniter\Autoloader\Autoloader->includeFile('APPPATH\\Controllers\\Productos.php')
 2 SYSTEMPATH\Autoloader\Autoloader.php(267): CodeIgniter\Autoloader\Autoloader->loadInNamespace('App\\Controllers\\Productos')
 3 [internal function]: CodeIgniter\Autoloader\Autoloader->loadClass('App\\Controllers\\Productos')
 4 SYSTEMPATH\CodeIgniter.php(892): class_exists('\\App\\Controllers\\Productos', true)
 5 SYSTEMPATH\CodeIgniter.php(486): CodeIgniter\CodeIgniter->startController()
 6 SYSTEMPATH\CodeIgniter.php(368): CodeIgniter\CodeIgniter->handleRequest(null, Object(Config\Cache), false)
 7 FCPATH\index.php(67): CodeIgniter\CodeIgniter->run()
CRITICAL - 2023-02-12 00:11:18 --> syntax error, unexpected single-quoted string "Fecha", expecting "]"
in APPPATH\Controllers\Productos.php on line 39.
 1 SYSTEMPATH\Autoloader\Autoloader.php(289): CodeIgniter\Autoloader\Autoloader->includeFile('APPPATH\\Controllers\\Productos.php')
 2 SYSTEMPATH\Autoloader\Autoloader.php(267): CodeIgniter\Autoloader\Autoloader->loadInNamespace('App\\Controllers\\Productos')
 3 [internal function]: CodeIgniter\Autoloader\Autoloader->loadClass('App\\Controllers\\Productos')
 4 SYSTEMPATH\CodeIgniter.php(892): class_exists('\\App\\Controllers\\Productos', true)
 5 SYSTEMPATH\CodeIgniter.php(486): CodeIgniter\CodeIgniter->startController()
 6 SYSTEMPATH\CodeIgniter.php(368): CodeIgniter\CodeIgniter->handleRequest(null, Object(Config\Cache), false)
 7 FCPATH\index.php(67): CodeIgniter\CodeIgniter->run()
CRITICAL - 2023-02-12 00:11:19 --> syntax error, unexpected single-quoted string "Fecha", expecting "]"
in APPPATH\Controllers\Productos.php on line 39.
 1 SYSTEMPATH\Autoloader\Autoloader.php(289): CodeIgniter\Autoloader\Autoloader->includeFile('APPPATH\\Controllers\\Productos.php')
 2 SYSTEMPATH\Autoloader\Autoloader.php(267): CodeIgniter\Autoloader\Autoloader->loadInNamespace('App\\Controllers\\Productos')
 3 [internal function]: CodeIgniter\Autoloader\Autoloader->loadClass('App\\Controllers\\Productos')
 4 SYSTEMPATH\CodeIgniter.php(892): class_exists('\\App\\Controllers\\Productos', true)
 5 SYSTEMPATH\CodeIgniter.php(486): CodeIgniter\CodeIgniter->startController()
 6 SYSTEMPATH\CodeIgniter.php(368): CodeIgniter\CodeIgniter->handleRequest(null, Object(Config\Cache), false)
 7 FCPATH\index.php(67): CodeIgniter\CodeIgniter->run()
CRITICAL - 2023-02-12 00:11:19 --> syntax error, unexpected single-quoted string "Fecha", expecting "]"
in APPPATH\Controllers\Productos.php on line 39.
 1 SYSTEMPATH\Autoloader\Autoloader.php(289): CodeIgniter\Autoloader\Autoloader->includeFile('APPPATH\\Controllers\\Productos.php')
 2 SYSTEMPATH\Autoloader\Autoloader.php(267): CodeIgniter\Autoloader\Autoloader->loadInNamespace('App\\Controllers\\Productos')
 3 [internal function]: CodeIgniter\Autoloader\Autoloader->loadClass('App\\Controllers\\Productos')
 4 SYSTEMPATH\CodeIgniter.php(892): class_exists('\\App\\Controllers\\Productos', true)
 5 SYSTEMPATH\CodeIgniter.php(486): CodeIgniter\CodeIgniter->startController()
 6 SYSTEMPATH\CodeIgniter.php(368): CodeIgniter\CodeIgniter->handleRequest(null, Object(Config\Cache), false)
 7 FCPATH\index.php(67): CodeIgniter\CodeIgniter->run()
CRITICAL - 2023-02-12 00:11:19 --> syntax error, unexpected single-quoted string "Fecha", expecting "]"
in APPPATH\Controllers\Productos.php on line 39.
 1 SYSTEMPATH\Autoloader\Autoloader.php(289): CodeIgniter\Autoloader\Autoloader->includeFile('APPPATH\\Controllers\\Productos.php')
 2 SYSTEMPATH\Autoloader\Autoloader.php(267): CodeIgniter\Autoloader\Autoloader->loadInNamespace('App\\Controllers\\Productos')
 3 [internal function]: CodeIgniter\Autoloader\Autoloader->loadClass('App\\Controllers\\Productos')
 4 SYSTEMPATH\CodeIgniter.php(892): class_exists('\\App\\Controllers\\Productos', true)
 5 SYSTEMPATH\CodeIgniter.php(486): CodeIgniter\CodeIgniter->startController()
 6 SYSTEMPATH\CodeIgniter.php(368): CodeIgniter\CodeIgniter->handleRequest(null, Object(Config\Cache), false)
 7 FCPATH\index.php(67): CodeIgniter\CodeIgniter->run()
CRITICAL - 2023-02-12 00:11:20 --> syntax error, unexpected single-quoted string "Fecha", expecting "]"
in APPPATH\Controllers\Productos.php on line 39.
 1 SYSTEMPATH\Autoloader\Autoloader.php(289): CodeIgniter\Autoloader\Autoloader->includeFile('APPPATH\\Controllers\\Productos.php')
 2 SYSTEMPATH\Autoloader\Autoloader.php(267): CodeIgniter\Autoloader\Autoloader->loadInNamespace('App\\Controllers\\Productos')
 3 [internal function]: CodeIgniter\Autoloader\Autoloader->loadClass('App\\Controllers\\Productos')
 4 SYSTEMPATH\CodeIgniter.php(892): class_exists('\\App\\Controllers\\Productos', true)
 5 SYSTEMPATH\CodeIgniter.php(486): CodeIgniter\CodeIgniter->startController()
 6 SYSTEMPATH\CodeIgniter.php(368): CodeIgniter\CodeIgniter->handleRequest(null, Object(Config\Cache), false)
 7 FCPATH\index.php(67): CodeIgniter\CodeIgniter->run()
CRITICAL - 2023-02-12 00:11:20 --> syntax error, unexpected single-quoted string "Fecha", expecting "]"
in APPPATH\Controllers\Productos.php on line 39.
 1 SYSTEMPATH\Autoloader\Autoloader.php(289): CodeIgniter\Autoloader\Autoloader->includeFile('APPPATH\\Controllers\\Productos.php')
 2 SYSTEMPATH\Autoloader\Autoloader.php(267): CodeIgniter\Autoloader\Autoloader->loadInNamespace('App\\Controllers\\Productos')
 3 [internal function]: CodeIgniter\Autoloader\Autoloader->loadClass('App\\Controllers\\Productos')
 4 SYSTEMPATH\CodeIgniter.php(892): class_exists('\\App\\Controllers\\Productos', true)
 5 SYSTEMPATH\CodeIgniter.php(486): CodeIgniter\CodeIgniter->startController()
 6 SYSTEMPATH\CodeIgniter.php(368): CodeIgniter\CodeIgniter->handleRequest(null, Object(Config\Cache), false)
 7 FCPATH\index.php(67): CodeIgniter\CodeIgniter->run()
CRITICAL - 2023-02-12 00:11:21 --> syntax error, unexpected single-quoted string "Fecha", expecting "]"
in APPPATH\Controllers\Productos.php on line 39.
 1 SYSTEMPATH\Autoloader\Autoloader.php(289): CodeIgniter\Autoloader\Autoloader->includeFile('APPPATH\\Controllers\\Productos.php')
 2 SYSTEMPATH\Autoloader\Autoloader.php(267): CodeIgniter\Autoloader\Autoloader->loadInNamespace('App\\Controllers\\Productos')
 3 [internal function]: CodeIgniter\Autoloader\Autoloader->loadClass('App\\Controllers\\Productos')
 4 SYSTEMPATH\CodeIgniter.php(892): class_exists('\\App\\Controllers\\Productos', true)
 5 SYSTEMPATH\CodeIgniter.php(486): CodeIgniter\CodeIgniter->startController()
 6 SYSTEMPATH\CodeIgniter.php(368): CodeIgniter\CodeIgniter->handleRequest(null, Object(Config\Cache), false)
 7 FCPATH\index.php(67): CodeIgniter\CodeIgniter->run()
ERROR - 2023-02-12 00:12:09 --> mysqli_sql_exception: Column 'Fecha' cannot be null in C:\xampp\htdocs\cafeteria\system\Database\MySQLi\Connection.php:295
Stack trace:
#0 C:\xampp\htdocs\cafeteria\system\Database\MySQLi\Connection.php(295): mysqli->query('INSERT INTO `pr...', 0)
#1 C:\xampp\htdocs\cafeteria\system\Database\BaseConnection.php(691): CodeIgniter\Database\MySQLi\Connection->execute('INSERT INTO `pr...')
#2 C:\xampp\htdocs\cafeteria\system\Database\BaseConnection.php(605): CodeIgniter\Database\BaseConnection->simpleQuery('INSERT INTO `pr...')
#3 C:\xampp\htdocs\cafeteria\system\Database\BaseBuilder.php(2295): CodeIgniter\Database\BaseConnection->query('INSERT INTO `pr...', Array, false)
#4 C:\xampp\htdocs\cafeteria\system\Model.php(329): CodeIgniter\Database\BaseBuilder->insert()
#5 C:\xampp\htdocs\cafeteria\system\BaseModel.php(782): CodeIgniter\Model->doInsert(Array)
#6 C:\xampp\htdocs\cafeteria\system\Model.php(729): CodeIgniter\BaseModel->insert(Array, true)
#7 C:\xampp\htdocs\cafeteria\app\Controllers\Productos.php(44): CodeIgniter\Model->insert(Array)
#8 C:\xampp\htdocs\cafeteria\system\CodeIgniter.php(934): App\Controllers\Productos->guardar()
#9 C:\xampp\htdocs\cafeteria\system\CodeIgniter.php(499): CodeIgniter\CodeIgniter->runController(Object(App\Controllers\Productos))
#10 C:\xampp\htdocs\cafeteria\system\CodeIgniter.php(368): CodeIgniter\CodeIgniter->handleRequest(NULL, Object(Config\Cache), false)
#11 C:\xampp\htdocs\cafeteria\public\index.php(67): CodeIgniter\CodeIgniter->run()
#12 {main}
CRITICAL - 2023-02-12 00:12:09 --> Column 'Fecha' cannot be null
in SYSTEMPATH\Database\BaseConnection.php on line 645.
 1 SYSTEMPATH\Database\BaseBuilder.php(2295): CodeIgniter\Database\BaseConnection->query('INSERT INTO `productos` (`Nombre_Producto`, `Referencia`, `Precio`, `Peso`, `Categoria`, `Stock`, `Fecha`) VALUES (:Nombre_Producto:, :Referencia:, :Precio:, :Peso:, :Categoria:, :Stock:, :Fecha:)', [...], false)
 2 SYSTEMPATH\Model.php(329): CodeIgniter\Database\BaseBuilder->insert()
 3 SYSTEMPATH\BaseModel.php(782): CodeIgniter\Model->doInsert([...])
 4 SYSTEMPATH\Model.php(729): CodeIgniter\BaseModel->insert([...], true)
 5 APPPATH\Controllers\Productos.php(44): CodeIgniter\Model->insert([...])
 6 SYSTEMPATH\CodeIgniter.php(934): App\Controllers\Productos->guardar()
 7 SYSTEMPATH\CodeIgniter.php(499): CodeIgniter\CodeIgniter->runController(Object(App\Controllers\Productos))
 8 SYSTEMPATH\CodeIgniter.php(368): CodeIgniter\CodeIgniter->handleRequest(null, Object(Config\Cache), false)
 9 FCPATH\index.php(67): CodeIgniter\CodeIgniter->run()
CRITICAL - 2023-02-12 00:13:06 --> Call to undefined method CodeIgniter\HTTP\IncomingRequest::get()
in APPPATH\Controllers\Productos.php on line 39.
 1 SYSTEMPATH\CodeIgniter.php(934): App\Controllers\Productos->guardar()
 2 SYSTEMPATH\CodeIgniter.php(499): CodeIgniter\CodeIgniter->runController(Object(App\Controllers\Productos))
 3 SYSTEMPATH\CodeIgniter.php(368): CodeIgniter\CodeIgniter->handleRequest(null, Object(Config\Cache), false)
 4 FCPATH\index.php(67): CodeIgniter\CodeIgniter->run()
CRITICAL - 2023-02-12 00:23:25 --> Call to undefined method CodeIgniter\HTTP\IncomingRequest::get()
in APPPATH\Controllers\Productos.php on line 39.
 1 SYSTEMPATH\CodeIgniter.php(934): App\Controllers\Productos->guardar()
 2 SYSTEMPATH\CodeIgniter.php(499): CodeIgniter\CodeIgniter->runController(Object(App\Controllers\Productos))
 3 SYSTEMPATH\CodeIgniter.php(368): CodeIgniter\CodeIgniter->handleRequest(null, Object(Config\Cache), false)
 4 FCPATH\index.php(67): CodeIgniter\CodeIgniter->run()
ERROR - 2023-02-12 00:23:40 --> mysqli_sql_exception: Column 'Fecha' cannot be null in C:\xampp\htdocs\cafeteria\system\Database\MySQLi\Connection.php:295
Stack trace:
#0 C:\xampp\htdocs\cafeteria\system\Database\MySQLi\Connection.php(295): mysqli->query('INSERT INTO `pr...', 0)
#1 C:\xampp\htdocs\cafeteria\system\Database\BaseConnection.php(691): CodeIgniter\Database\MySQLi\Connection->execute('INSERT INTO `pr...')
#2 C:\xampp\htdocs\cafeteria\system\Database\BaseConnection.php(605): CodeIgniter\Database\BaseConnection->simpleQuery('INSERT INTO `pr...')
#3 C:\xampp\htdocs\cafeteria\system\Database\BaseBuilder.php(2295): CodeIgniter\Database\BaseConnection->query('INSERT INTO `pr...', Array, false)
#4 C:\xampp\htdocs\cafeteria\system\Model.php(329): CodeIgniter\Database\BaseBuilder->insert()
#5 C:\xampp\htdocs\cafeteria\system\BaseModel.php(782): CodeIgniter\Model->doInsert(Array)
#6 C:\xampp\htdocs\cafeteria\system\Model.php(729): CodeIgniter\BaseModel->insert(Array, true)
#7 C:\xampp\htdocs\cafeteria\app\Controllers\Productos.php(45): CodeIgniter\Model->insert(Array)
#8 C:\xampp\htdocs\cafeteria\system\CodeIgniter.php(934): App\Controllers\Productos->guardar()
#9 C:\xampp\htdocs\cafeteria\system\CodeIgniter.php(499): CodeIgniter\CodeIgniter->runController(Object(App\Controllers\Productos))
#10 C:\xampp\htdocs\cafeteria\system\CodeIgniter.php(368): CodeIgniter\CodeIgniter->handleRequest(NULL, Object(Config\Cache), false)
#11 C:\xampp\htdocs\cafeteria\public\index.php(67): CodeIgniter\CodeIgniter->run()
#12 {main}
CRITICAL - 2023-02-12 00:23:40 --> Column 'Fecha' cannot be null
in SYSTEMPATH\Database\BaseConnection.php on line 645.
 1 SYSTEMPATH\Database\BaseBuilder.php(2295): CodeIgniter\Database\BaseConnection->query('INSERT INTO `productos` (`Nombre_Producto`, `Referencia`, `Precio`, `Peso`, `Categoria`, `Stock`, `Fecha`) VALUES (:Nombre_Producto:, :Referencia:, :Precio:, :Peso:, :Categoria:, :Stock:, :Fecha:)', [...], false)
 2 SYSTEMPATH\Model.php(329): CodeIgniter\Database\BaseBuilder->insert()
 3 SYSTEMPATH\BaseModel.php(782): CodeIgniter\Model->doInsert([...])
 4 SYSTEMPATH\Model.php(729): CodeIgniter\BaseModel->insert([...], true)
 5 APPPATH\Controllers\Productos.php(45): CodeIgniter\Model->insert([...])
 6 SYSTEMPATH\CodeIgniter.php(934): App\Controllers\Productos->guardar()
 7 SYSTEMPATH\CodeIgniter.php(499): CodeIgniter\CodeIgniter->runController(Object(App\Controllers\Productos))
 8 SYSTEMPATH\CodeIgniter.php(368): CodeIgniter\CodeIgniter->handleRequest(null, Object(Config\Cache), false)
 9 FCPATH\index.php(67): CodeIgniter\CodeIgniter->run()
ERROR - 2023-02-12 00:23:55 --> mysqli_sql_exception: Column 'Fecha' cannot be null in C:\xampp\htdocs\cafeteria\system\Database\MySQLi\Connection.php:295
Stack trace:
#0 C:\xampp\htdocs\cafeteria\system\Database\MySQLi\Connection.php(295): mysqli->query('INSERT INTO `pr...', 0)
#1 C:\xampp\htdocs\cafeteria\system\Database\BaseConnection.php(691): CodeIgniter\Database\MySQLi\Connection->execute('INSERT INTO `pr...')
#2 C:\xampp\htdocs\cafeteria\system\Database\BaseConnection.php(605): CodeIgniter\Database\BaseConnection->simpleQuery('INSERT INTO `pr...')
#3 C:\xampp\htdocs\cafeteria\system\Database\BaseBuilder.php(2295): CodeIgniter\Database\BaseConnection->query('INSERT INTO `pr...', Array, false)
#4 C:\xampp\htdocs\cafeteria\system\Model.php(329): CodeIgniter\Database\BaseBuilder->insert()
#5 C:\xampp\htdocs\cafeteria\system\BaseModel.php(782): CodeIgniter\Model->doInsert(Array)
#6 C:\xampp\htdocs\cafeteria\system\Model.php(729): CodeIgniter\BaseModel->insert(Array, true)
#7 C:\xampp\htdocs\cafeteria\app\Controllers\Productos.php(45): CodeIgniter\Model->insert(Array)
#8 C:\xampp\htdocs\cafeteria\system\CodeIgniter.php(934): App\Controllers\Productos->guardar()
#9 C:\xampp\htdocs\cafeteria\system\CodeIgniter.php(499): CodeIgniter\CodeIgniter->runController(Object(App\Controllers\Productos))
#10 C:\xampp\htdocs\cafeteria\system\CodeIgniter.php(368): CodeIgniter\CodeIgniter->handleRequest(NULL, Object(Config\Cache), false)
#11 C:\xampp\htdocs\cafeteria\public\index.php(67): CodeIgniter\CodeIgniter->run()
#12 {main}
CRITICAL - 2023-02-12 00:23:55 --> Column 'Fecha' cannot be null
in SYSTEMPATH\Database\BaseConnection.php on line 645.
 1 SYSTEMPATH\Database\BaseBuilder.php(2295): CodeIgniter\Database\BaseConnection->query('INSERT INTO `productos` (`Nombre_Producto`, `Referencia`, `Precio`, `Peso`, `Categoria`, `Stock`, `Fecha`) VALUES (:Nombre_Producto:, :Referencia:, :Precio:, :Peso:, :Categoria:, :Stock:, :Fecha:)', [...], false)
 2 SYSTEMPATH\Model.php(329): CodeIgniter\Database\BaseBuilder->insert()
 3 SYSTEMPATH\BaseModel.php(782): CodeIgniter\Model->doInsert([...])
 4 SYSTEMPATH\Model.php(729): CodeIgniter\BaseModel->insert([...], true)
 5 APPPATH\Controllers\Productos.php(45): CodeIgniter\Model->insert([...])
 6 SYSTEMPATH\CodeIgniter.php(934): App\Controllers\Productos->guardar()
 7 SYSTEMPATH\CodeIgniter.php(499): CodeIgniter\CodeIgniter->runController(Object(App\Controllers\Productos))
 8 SYSTEMPATH\CodeIgniter.php(368): CodeIgniter\CodeIgniter->handleRequest(null, Object(Config\Cache), false)
 9 FCPATH\index.php(67): CodeIgniter\CodeIgniter->run()
ERROR - 2023-02-12 00:23:58 --> mysqli_sql_exception: Column 'Fecha' cannot be null in C:\xampp\htdocs\cafeteria\system\Database\MySQLi\Connection.php:295
Stack trace:
#0 C:\xampp\htdocs\cafeteria\system\Database\MySQLi\Connection.php(295): mysqli->query('INSERT INTO `pr...', 0)
#1 C:\xampp\htdocs\cafeteria\system\Database\BaseConnection.php(691): CodeIgniter\Database\MySQLi\Connection->execute('INSERT INTO `pr...')
#2 C:\xampp\htdocs\cafeteria\system\Database\BaseConnection.php(605): CodeIgniter\Database\BaseConnection->simpleQuery('INSERT INTO `pr...')
#3 C:\xampp\htdocs\cafeteria\system\Database\BaseBuilder.php(2295): CodeIgniter\Database\BaseConnection->query('INSERT INTO `pr...', Array, false)
#4 C:\xampp\htdocs\cafeteria\system\Model.php(329): CodeIgniter\Database\BaseBuilder->insert()
#5 C:\xampp\htdocs\cafeteria\system\BaseModel.php(782): CodeIgniter\Model->doInsert(Array)
#6 C:\xampp\htdocs\cafeteria\system\Model.php(729): CodeIgniter\BaseModel->insert(Array, true)
#7 C:\xampp\htdocs\cafeteria\app\Controllers\Productos.php(45): CodeIgniter\Model->insert(Array)
#8 C:\xampp\htdocs\cafeteria\system\CodeIgniter.php(934): App\Controllers\Productos->guardar()
#9 C:\xampp\htdocs\cafeteria\system\CodeIgniter.php(499): CodeIgniter\CodeIgniter->runController(Object(App\Controllers\Productos))
#10 C:\xampp\htdocs\cafeteria\system\CodeIgniter.php(368): CodeIgniter\CodeIgniter->handleRequest(NULL, Object(Config\Cache), false)
#11 C:\xampp\htdocs\cafeteria\public\index.php(67): CodeIgniter\CodeIgniter->run()
#12 {main}
CRITICAL - 2023-02-12 00:23:58 --> Column 'Fecha' cannot be null
in SYSTEMPATH\Database\BaseConnection.php on line 645.
 1 SYSTEMPATH\Database\BaseBuilder.php(2295): CodeIgniter\Database\BaseConnection->query('INSERT INTO `productos` (`Nombre_Producto`, `Referencia`, `Precio`, `Peso`, `Categoria`, `Stock`, `Fecha`) VALUES (:Nombre_Producto:, :Referencia:, :Precio:, :Peso:, :Categoria:, :Stock:, :Fecha:)', [...], false)
 2 SYSTEMPATH\Model.php(329): CodeIgniter\Database\BaseBuilder->insert()
 3 SYSTEMPATH\BaseModel.php(782): CodeIgniter\Model->doInsert([...])
 4 SYSTEMPATH\Model.php(729): CodeIgniter\BaseModel->insert([...], true)
 5 APPPATH\Controllers\Productos.php(45): CodeIgniter\Model->insert([...])
 6 SYSTEMPATH\CodeIgniter.php(934): App\Controllers\Productos->guardar()
 7 SYSTEMPATH\CodeIgniter.php(499): CodeIgniter\CodeIgniter->runController(Object(App\Controllers\Productos))
 8 SYSTEMPATH\CodeIgniter.php(368): CodeIgniter\CodeIgniter->handleRequest(null, Object(Config\Cache), false)
 9 FCPATH\index.php(67): CodeIgniter\CodeIgniter->run()
ERROR - 2023-02-12 00:24:06 --> mysqli_sql_exception: Column 'Fecha' cannot be null in C:\xampp\htdocs\cafeteria\system\Database\MySQLi\Connection.php:295
Stack trace:
#0 C:\xampp\htdocs\cafeteria\system\Database\MySQLi\Connection.php(295): mysqli->query('INSERT INTO `pr...', 0)
#1 C:\xampp\htdocs\cafeteria\system\Database\BaseConnection.php(691): CodeIgniter\Database\MySQLi\Connection->execute('INSERT INTO `pr...')
#2 C:\xampp\htdocs\cafeteria\system\Database\BaseConnection.php(605): CodeIgniter\Database\BaseConnection->simpleQuery('INSERT INTO `pr...')
#3 C:\xampp\htdocs\cafeteria\system\Database\BaseBuilder.php(2295): CodeIgniter\Database\BaseConnection->query('INSERT INTO `pr...', Array, false)
#4 C:\xampp\htdocs\cafeteria\system\Model.php(329): CodeIgniter\Database\BaseBuilder->insert()
#5 C:\xampp\htdocs\cafeteria\system\BaseModel.php(782): CodeIgniter\Model->doInsert(Array)
#6 C:\xampp\htdocs\cafeteria\system\Model.php(729): CodeIgniter\BaseModel->insert(Array, true)
#7 C:\xampp\htdocs\cafeteria\app\Controllers\Productos.php(45): CodeIgniter\Model->insert(Array)
#8 C:\xampp\htdocs\cafeteria\system\CodeIgniter.php(934): App\Controllers\Productos->guardar()
#9 C:\xampp\htdocs\cafeteria\system\CodeIgniter.php(499): CodeIgniter\CodeIgniter->runController(Object(App\Controllers\Productos))
#10 C:\xampp\htdocs\cafeteria\system\CodeIgniter.php(368): CodeIgniter\CodeIgniter->handleRequest(NULL, Object(Config\Cache), false)
#11 C:\xampp\htdocs\cafeteria\public\index.php(67): CodeIgniter\CodeIgniter->run()
#12 {main}
CRITICAL - 2023-02-12 00:24:06 --> Column 'Fecha' cannot be null
in SYSTEMPATH\Database\BaseConnection.php on line 645.
 1 SYSTEMPATH\Database\BaseBuilder.php(2295): CodeIgniter\Database\BaseConnection->query('INSERT INTO `productos` (`Nombre_Producto`, `Referencia`, `Precio`, `Peso`, `Categoria`, `Stock`, `Fecha`) VALUES (:Nombre_Producto:, :Referencia:, :Precio:, :Peso:, :Categoria:, :Stock:, :Fecha:)', [...], false)
 2 SYSTEMPATH\Model.php(329): CodeIgniter\Database\BaseBuilder->insert()
 3 SYSTEMPATH\BaseModel.php(782): CodeIgniter\Model->doInsert([...])
 4 SYSTEMPATH\Model.php(729): CodeIgniter\BaseModel->insert([...], true)
 5 APPPATH\Controllers\Productos.php(45): CodeIgniter\Model->insert([...])
 6 SYSTEMPATH\CodeIgniter.php(934): App\Controllers\Productos->guardar()
 7 SYSTEMPATH\CodeIgniter.php(499): CodeIgniter\CodeIgniter->runController(Object(App\Controllers\Productos))
 8 SYSTEMPATH\CodeIgniter.php(368): CodeIgniter\CodeIgniter->handleRequest(null, Object(Config\Cache), false)
 9 FCPATH\index.php(67): CodeIgniter\CodeIgniter->run()
CRITICAL - 2023-02-12 00:43:31 --> Call to undefined method CodeIgniter\HTTP\IncomingRequest::getDate()
in APPPATH\Controllers\Productos.php on line 39.
 1 SYSTEMPATH\CodeIgniter.php(934): App\Controllers\Productos->guardar()
 2 SYSTEMPATH\CodeIgniter.php(499): CodeIgniter\CodeIgniter->runController(Object(App\Controllers\Productos))
 3 SYSTEMPATH\CodeIgniter.php(368): CodeIgniter\CodeIgniter->handleRequest(null, Object(Config\Cache), false)
 4 FCPATH\index.php(67): CodeIgniter\CodeIgniter->run()
CRITICAL - 2023-02-12 14:28:20 --> Undefined variable $libro
in APPPATH\Views\productos\listar.php on line 37.
 1 APPPATH\Views\productos\listar.php(37): CodeIgniter\Debug\Exceptions->errorHandler(2, 'Undefined variable $libro', 'APPPATH\\Views\\productos\\listar.php', 37)
 2 SYSTEMPATH\View\View.php(213): include('APPPATH\\Views\\productos\\listar.php')
 3 SYSTEMPATH\View\View.php(216): CodeIgniter\View\View->CodeIgniter\View\{closure}()
 4 SYSTEMPATH\Common.php(1177): CodeIgniter\View\View->render('productos/listar', [], true)
 5 APPPATH\Controllers\Productos.php(14): view('productos/listar', [...])
 6 SYSTEMPATH\CodeIgniter.php(934): App\Controllers\Productos->index()
 7 SYSTEMPATH\CodeIgniter.php(499): CodeIgniter\CodeIgniter->runController(Object(App\Controllers\Productos))
 8 SYSTEMPATH\CodeIgniter.php(368): CodeIgniter\CodeIgniter->handleRequest(null, Object(Config\Cache), false)
 9 FCPATH\index.php(67): CodeIgniter\CodeIgniter->run()
CRITICAL - 2023-02-12 14:44:27 --> Undefined variable $ID
in APPPATH\Controllers\Productos.php on line 66.
 1 APPPATH\Controllers\Productos.php(66): CodeIgniter\Debug\Exceptions->errorHandler(2, 'Undefined variable $ID', 'APPPATH\\Controllers\\Productos.php', 66)
 2 SYSTEMPATH\CodeIgniter.php(934): App\Controllers\Productos->editar('6')
 3 SYSTEMPATH\CodeIgniter.php(499): CodeIgniter\CodeIgniter->runController(Object(App\Controllers\Productos))
 4 SYSTEMPATH\CodeIgniter.php(368): CodeIgniter\CodeIgniter->handleRequest(null, Object(Config\Cache), false)
 5 FCPATH\index.php(67): CodeIgniter\CodeIgniter->run()
CRITICAL - 2023-02-12 14:45:54 --> Undefined array key "id"
in APPPATH\Views\productos\editar.php on line 11.
 1 APPPATH\Views\productos\editar.php(11): CodeIgniter\Debug\Exceptions->errorHandler(2, 'Undefined array key "id"', 'APPPATH\\Views\\productos\\editar.php', 11)
 2 SYSTEMPATH\View\View.php(213): include('APPPATH\\Views\\productos\\editar.php')
 3 SYSTEMPATH\View\View.php(216): CodeIgniter\View\View->CodeIgniter\View\{closure}()
 4 SYSTEMPATH\Common.php(1177): CodeIgniter\View\View->render('productos/editar', [], true)
 5 APPPATH\Controllers\Productos.php(72): view('productos/editar', [...])
 6 SYSTEMPATH\CodeIgniter.php(934): App\Controllers\Productos->editar('6')
 7 SYSTEMPATH\CodeIgniter.php(499): CodeIgniter\CodeIgniter->runController(Object(App\Controllers\Productos))
 8 SYSTEMPATH\CodeIgniter.php(368): CodeIgniter\CodeIgniter->handleRequest(null, Object(Config\Cache), false)
 9 FCPATH\index.php(67): CodeIgniter\CodeIgniter->run()
CRITICAL - 2023-02-12 14:46:34 --> Undefined array key "id"
in APPPATH\Views\productos\editar.php on line 11.
 1 APPPATH\Views\productos\editar.php(11): CodeIgniter\Debug\Exceptions->errorHandler(2, 'Undefined array key "id"', 'APPPATH\\Views\\productos\\editar.php', 11)
 2 SYSTEMPATH\View\View.php(213): include('APPPATH\\Views\\productos\\editar.php')
 3 SYSTEMPATH\View\View.php(216): CodeIgniter\View\View->CodeIgniter\View\{closure}()
 4 SYSTEMPATH\Common.php(1177): CodeIgniter\View\View->render('productos/editar', [], true)
 5 APPPATH\Controllers\Productos.php(72): view('productos/editar', [...])
 6 SYSTEMPATH\CodeIgniter.php(934): App\Controllers\Productos->editar('6')
 7 SYSTEMPATH\CodeIgniter.php(499): CodeIgniter\CodeIgniter->runController(Object(App\Controllers\Productos))
 8 SYSTEMPATH\CodeIgniter.php(368): CodeIgniter\CodeIgniter->handleRequest(null, Object(Config\Cache), false)
 9 FCPATH\index.php(67): CodeIgniter\CodeIgniter->run()
CRITICAL - 2023-02-12 14:52:46 --> Unclosed '{' on line 6
in APPPATH\Controllers\Productos.php on line 118.
 1 SYSTEMPATH\Autoloader\Autoloader.php(289): CodeIgniter\Autoloader\Autoloader->includeFile('APPPATH\\Controllers\\Productos.php')
 2 SYSTEMPATH\Autoloader\Autoloader.php(267): CodeIgniter\Autoloader\Autoloader->loadInNamespace('App\\Controllers\\Productos')
 3 [internal function]: CodeIgniter\Autoloader\Autoloader->loadClass('App\\Controllers\\Productos')
 4 SYSTEMPATH\CodeIgniter.php(892): class_exists('\\App\\Controllers\\Productos', true)
 5 SYSTEMPATH\CodeIgniter.php(486): CodeIgniter\CodeIgniter->startController()
 6 SYSTEMPATH\CodeIgniter.php(368): CodeIgniter\CodeIgniter->handleRequest(null, Object(Config\Cache), false)
 7 FCPATH\index.php(67): CodeIgniter\CodeIgniter->run()
CRITICAL - 2023-02-12 14:58:15 --> Undefined array key "id"
in APPPATH\Views\productos\editar.php on line 11.
 1 APPPATH\Views\productos\editar.php(11): CodeIgniter\Debug\Exceptions->errorHandler(2, 'Undefined array key "id"', 'APPPATH\\Views\\productos\\editar.php', 11)
 2 SYSTEMPATH\View\View.php(213): include('APPPATH\\Views\\productos\\editar.php')
 3 SYSTEMPATH\View\View.php(216): CodeIgniter\View\View->CodeIgniter\View\{closure}()
 4 SYSTEMPATH\Common.php(1177): CodeIgniter\View\View->render('productos/editar', [], true)
 5 APPPATH\Controllers\Productos.php(72): view('productos/editar', [...])
 6 SYSTEMPATH\CodeIgniter.php(934): App\Controllers\Productos->editar('10')
 7 SYSTEMPATH\CodeIgniter.php(499): CodeIgniter\CodeIgniter->runController(Object(App\Controllers\Productos))
 8 SYSTEMPATH\CodeIgniter.php(368): CodeIgniter\CodeIgniter->handleRequest(null, Object(Config\Cache), false)
 9 FCPATH\index.php(67): CodeIgniter\CodeIgniter->run()
CRITICAL - 2023-02-12 15:17:01 --> Call to undefined function producto()
in APPPATH\Views\productos\editar.php on line 15.
 1 SYSTEMPATH\View\View.php(213): include()
 2 SYSTEMPATH\View\View.php(216): CodeIgniter\View\View->CodeIgniter\View\{closure}()
 3 SYSTEMPATH\Common.php(1177): CodeIgniter\View\View->render('productos/editar', [], true)
 4 APPPATH\Controllers\Productos.php(72): view('productos/editar', [...])
 5 SYSTEMPATH\CodeIgniter.php(934): App\Controllers\Productos->editar('10')
 6 SYSTEMPATH\CodeIgniter.php(499): CodeIgniter\CodeIgniter->runController(Object(App\Controllers\Productos))
 7 SYSTEMPATH\CodeIgniter.php(368): CodeIgniter\CodeIgniter->handleRequest(null, Object(Config\Cache), false)
 8 FCPATH\index.php(67): CodeIgniter\CodeIgniter->run()
CRITICAL - 2023-02-12 15:17:57 --> Array callback must have exactly two elements
in APPPATH\Views\productos\editar.php on line 15.
 1 SYSTEMPATH\View\View.php(213): include()
 2 SYSTEMPATH\View\View.php(216): CodeIgniter\View\View->CodeIgniter\View\{closure}()
 3 SYSTEMPATH\Common.php(1177): CodeIgniter\View\View->render('productos/editar', [], true)
 4 APPPATH\Controllers\Productos.php(72): view('productos/editar', [...])
 5 SYSTEMPATH\CodeIgniter.php(934): App\Controllers\Productos->editar('10')
 6 SYSTEMPATH\CodeIgniter.php(499): CodeIgniter\CodeIgniter->runController(Object(App\Controllers\Productos))
 7 SYSTEMPATH\CodeIgniter.php(368): CodeIgniter\CodeIgniter->handleRequest(null, Object(Config\Cache), false)
 8 FCPATH\index.php(67): CodeIgniter\CodeIgniter->run()
CRITICAL - 2023-02-12 15:25:32 --> syntax error, unexpected token "public"
in APPPATH\Controllers\Productos.php on line 72.
 1 SYSTEMPATH\Autoloader\Autoloader.php(289): CodeIgniter\Autoloader\Autoloader->includeFile('APPPATH\\Controllers\\Productos.php')
 2 SYSTEMPATH\Autoloader\Autoloader.php(267): CodeIgniter\Autoloader\Autoloader->loadInNamespace('App\\Controllers\\Productos')
 3 [internal function]: CodeIgniter\Autoloader\Autoloader->loadClass('App\\Controllers\\Productos')
 4 SYSTEMPATH\CodeIgniter.php(892): class_exists('\\App\\Controllers\\Productos', true)
 5 SYSTEMPATH\CodeIgniter.php(486): CodeIgniter\CodeIgniter->startController()
 6 SYSTEMPATH\CodeIgniter.php(368): CodeIgniter\CodeIgniter->handleRequest(null, Object(Config\Cache), false)
 7 FCPATH\index.php(67): CodeIgniter\CodeIgniter->run()
CRITICAL - 2023-02-12 15:38:07 --> Undefined variable $producto
in APPPATH\Views\template\piepagina.php on line 4.
 1 APPPATH\Views\template\piepagina.php(4): CodeIgniter\Debug\Exceptions->errorHandler(2, 'Undefined variable $producto', 'APPPATH\\Views\\template\\piepagina.php', 4)
 2 SYSTEMPATH\View\View.php(213): include('APPPATH\\Views\\template\\piepagina.php')
 3 SYSTEMPATH\View\View.php(216): CodeIgniter\View\View->CodeIgniter\View\{closure}()
 4 SYSTEMPATH\Common.php(1177): CodeIgniter\View\View->render('template/piepagina', [], true)
 5 APPPATH\Controllers\Productos.php(12): view('template/piepagina')
 6 SYSTEMPATH\CodeIgniter.php(934): App\Controllers\Productos->index()
 7 SYSTEMPATH\CodeIgniter.php(499): CodeIgniter\CodeIgniter->runController(Object(App\Controllers\Productos))
 8 SYSTEMPATH\CodeIgniter.php(368): CodeIgniter\CodeIgniter->handleRequest(null, Object(Config\Cache), false)
 9 FCPATH\index.php(67): CodeIgniter\CodeIgniter->run()
CRITICAL - 2023-02-12 15:38:18 --> Undefined variable $producto
in APPPATH\Views\template\piepagina.php on line 4.
 1 APPPATH\Views\template\piepagina.php(4): CodeIgniter\Debug\Exceptions->errorHandler(2, 'Undefined variable $producto', 'APPPATH\\Views\\template\\piepagina.php', 4)
 2 SYSTEMPATH\View\View.php(213): include('APPPATH\\Views\\template\\piepagina.php')
 3 SYSTEMPATH\View\View.php(216): CodeIgniter\View\View->CodeIgniter\View\{closure}()
 4 SYSTEMPATH\Common.php(1177): CodeIgniter\View\View->render('template/piepagina', [], true)
 5 APPPATH\Controllers\Productos.php(12): view('template/piepagina')
 6 SYSTEMPATH\CodeIgniter.php(934): App\Controllers\Productos->index()
 7 SYSTEMPATH\CodeIgniter.php(499): CodeIgniter\CodeIgniter->runController(Object(App\Controllers\Productos))
 8 SYSTEMPATH\CodeIgniter.php(368): CodeIgniter\CodeIgniter->handleRequest(null, Object(Config\Cache), false)
 9 FCPATH\index.php(67): CodeIgniter\CodeIgniter->run()
CRITICAL - 2023-02-12 15:38:43 --> Undefined variable $producto
in APPPATH\Views\template\cabecera.php on line 27.
 1 APPPATH\Views\template\cabecera.php(27): CodeIgniter\Debug\Exceptions->errorHandler(2, 'Undefined variable $producto', 'APPPATH\\Views\\template\\cabecera.php', 27)
 2 SYSTEMPATH\View\View.php(213): include('APPPATH\\Views\\template\\cabecera.php')
 3 SYSTEMPATH\View\View.php(216): CodeIgniter\View\View->CodeIgniter\View\{closure}()
 4 SYSTEMPATH\Common.php(1177): CodeIgniter\View\View->render('template/cabecera', [], true)
 5 APPPATH\Controllers\Productos.php(11): view('template/cabecera')
 6 SYSTEMPATH\CodeIgniter.php(934): App\Controllers\Productos->index()
 7 SYSTEMPATH\CodeIgniter.php(499): CodeIgniter\CodeIgniter->runController(Object(App\Controllers\Productos))
 8 SYSTEMPATH\CodeIgniter.php(368): CodeIgniter\CodeIgniter->handleRequest(null, Object(Config\Cache), false)
 9 FCPATH\index.php(67): CodeIgniter\CodeIgniter->run()
CRITICAL - 2023-02-12 15:38:57 --> Undefined variable $producto
in APPPATH\Views\template\cabecera.php on line 26.
 1 APPPATH\Views\template\cabecera.php(26): CodeIgniter\Debug\Exceptions->errorHandler(2, 'Undefined variable $producto', 'APPPATH\\Views\\template\\cabecera.php', 26)
 2 SYSTEMPATH\View\View.php(213): include('APPPATH\\Views\\template\\cabecera.php')
 3 SYSTEMPATH\View\View.php(216): CodeIgniter\View\View->CodeIgniter\View\{closure}()
 4 SYSTEMPATH\Common.php(1177): CodeIgniter\View\View->render('template/cabecera', [], true)
 5 APPPATH\Controllers\Productos.php(11): view('template/cabecera')
 6 SYSTEMPATH\CodeIgniter.php(934): App\Controllers\Productos->index()
 7 SYSTEMPATH\CodeIgniter.php(499): CodeIgniter\CodeIgniter->runController(Object(App\Controllers\Productos))
 8 SYSTEMPATH\CodeIgniter.php(368): CodeIgniter\CodeIgniter->handleRequest(null, Object(Config\Cache), false)
 9 FCPATH\index.php(67): CodeIgniter\CodeIgniter->run()
CRITICAL - 2023-02-12 15:52:49 --> Undefined variable $producto
in APPPATH\Views\template\piepagina.php on line 9.
 1 APPPATH\Views\template\piepagina.php(9): CodeIgniter\Debug\Exceptions->errorHandler(2, 'Undefined variable $producto', 'APPPATH\\Views\\template\\piepagina.php', 9)
 2 SYSTEMPATH\View\View.php(213): include('APPPATH\\Views\\template\\piepagina.php')
 3 SYSTEMPATH\View\View.php(216): CodeIgniter\View\View->CodeIgniter\View\{closure}()
 4 SYSTEMPATH\Common.php(1177): CodeIgniter\View\View->render('template/piepagina', [], true)
 5 APPPATH\Controllers\Productos.php(12): view('template/piepagina')
 6 SYSTEMPATH\CodeIgniter.php(934): App\Controllers\Productos->index()
 7 SYSTEMPATH\CodeIgniter.php(499): CodeIgniter\CodeIgniter->runController(Object(App\Controllers\Productos))
 8 SYSTEMPATH\CodeIgniter.php(368): CodeIgniter\CodeIgniter->handleRequest(null, Object(Config\Cache), false)
 9 FCPATH\index.php(67): CodeIgniter\CodeIgniter->run()
CRITICAL - 2023-02-12 17:11:21 --> Undefined variable $cabecera
in APPPATH\Views\productos\ventas.php on line 1.
 1 APPPATH\Views\productos\ventas.php(1): CodeIgniter\Debug\Exceptions->errorHandler(2, 'Undefined variable $cabecera', 'APPPATH\\Views\\productos\\ventas.php', 1)
 2 SYSTEMPATH\View\View.php(213): include('APPPATH\\Views\\productos\\ventas.php')
 3 SYSTEMPATH\View\View.php(216): CodeIgniter\View\View->CodeIgniter\View\{closure}()
 4 SYSTEMPATH\Common.php(1177): CodeIgniter\View\View->render('productos/ventas', [], true)
 5 APPPATH\Controllers\Productos.php(150): view('productos/ventas')
 6 SYSTEMPATH\CodeIgniter.php(934): App\Controllers\Productos->ventas()
 7 SYSTEMPATH\CodeIgniter.php(499): CodeIgniter\CodeIgniter->runController(Object(App\Controllers\Productos))
 8 SYSTEMPATH\CodeIgniter.php(368): CodeIgniter\CodeIgniter->handleRequest(null, Object(Config\Cache), false)
 9 FCPATH\index.php(67): CodeIgniter\CodeIgniter->run()
CRITICAL - 2023-02-12 17:13:22 --> Undefined variable $cabecera
in APPPATH\Views\productos\ventas.php on line 1.
 1 APPPATH\Views\productos\ventas.php(1): CodeIgniter\Debug\Exceptions->errorHandler(2, 'Undefined variable $cabecera', 'APPPATH\\Views\\productos\\ventas.php', 1)
 2 SYSTEMPATH\View\View.php(213): include('APPPATH\\Views\\productos\\ventas.php')
 3 SYSTEMPATH\View\View.php(216): CodeIgniter\View\View->CodeIgniter\View\{closure}()
 4 SYSTEMPATH\Common.php(1177): CodeIgniter\View\View->render('productos/ventas', [], true)
 5 APPPATH\Controllers\Productos.php(150): view('productos/ventas')
 6 SYSTEMPATH\CodeIgniter.php(934): App\Controllers\Productos->ventas()
 7 SYSTEMPATH\CodeIgniter.php(499): CodeIgniter\CodeIgniter->runController(Object(App\Controllers\Productos))
 8 SYSTEMPATH\CodeIgniter.php(368): CodeIgniter\CodeIgniter->handleRequest(null, Object(Config\Cache), false)
 9 FCPATH\index.php(67): CodeIgniter\CodeIgniter->run()
CRITICAL - 2023-02-12 17:14:20 --> Undefined variable $cabecera
in APPPATH\Views\productos\ventas.php on line 1.
 1 APPPATH\Views\productos\ventas.php(1): CodeIgniter\Debug\Exceptions->errorHandler(2, 'Undefined variable $cabecera', 'APPPATH\\Views\\productos\\ventas.php', 1)
 2 SYSTEMPATH\View\View.php(213): include('APPPATH\\Views\\productos\\ventas.php')
 3 SYSTEMPATH\View\View.php(216): CodeIgniter\View\View->CodeIgniter\View\{closure}()
 4 SYSTEMPATH\Common.php(1177): CodeIgniter\View\View->render('productos/ventas', [], true)
 5 APPPATH\Controllers\Productos.php(150): view('productos/ventas')
 6 SYSTEMPATH\CodeIgniter.php(934): App\Controllers\Productos->ventas()
 7 SYSTEMPATH\CodeIgniter.php(499): CodeIgniter\CodeIgniter->runController(Object(App\Controllers\Productos))
 8 SYSTEMPATH\CodeIgniter.php(368): CodeIgniter\CodeIgniter->handleRequest(null, Object(Config\Cache), false)
 9 FCPATH\index.php(67): CodeIgniter\CodeIgniter->run()
CRITICAL - 2023-02-12 17:14:46 --> Undefined variable $cabecera
in APPPATH\Views\productos\ventas.php on line 1.
 1 APPPATH\Views\productos\ventas.php(1): CodeIgniter\Debug\Exceptions->errorHandler(2, 'Undefined variable $cabecera', 'APPPATH\\Views\\productos\\ventas.php', 1)
 2 SYSTEMPATH\View\View.php(213): include('APPPATH\\Views\\productos\\ventas.php')
 3 SYSTEMPATH\View\View.php(216): CodeIgniter\View\View->CodeIgniter\View\{closure}()
 4 SYSTEMPATH\Common.php(1177): CodeIgniter\View\View->render('productos/ventas', [], true)
 5 APPPATH\Controllers\Productos.php(150): view('productos/ventas')
 6 SYSTEMPATH\CodeIgniter.php(934): App\Controllers\Productos->ventas()
 7 SYSTEMPATH\CodeIgniter.php(499): CodeIgniter\CodeIgniter->runController(Object(App\Controllers\Productos))
 8 SYSTEMPATH\CodeIgniter.php(368): CodeIgniter\CodeIgniter->handleRequest(null, Object(Config\Cache), false)
 9 FCPATH\index.php(67): CodeIgniter\CodeIgniter->run()
CRITICAL - 2023-02-12 17:14:47 --> Undefined variable $cabecera
in APPPATH\Views\productos\ventas.php on line 1.
 1 APPPATH\Views\productos\ventas.php(1): CodeIgniter\Debug\Exceptions->errorHandler(2, 'Undefined variable $cabecera', 'APPPATH\\Views\\productos\\ventas.php', 1)
 2 SYSTEMPATH\View\View.php(213): include('APPPATH\\Views\\productos\\ventas.php')
 3 SYSTEMPATH\View\View.php(216): CodeIgniter\View\View->CodeIgniter\View\{closure}()
 4 SYSTEMPATH\Common.php(1177): CodeIgniter\View\View->render('productos/ventas', [], true)
 5 APPPATH\Controllers\Productos.php(150): view('productos/ventas')
 6 SYSTEMPATH\CodeIgniter.php(934): App\Controllers\Productos->ventas()
 7 SYSTEMPATH\CodeIgniter.php(499): CodeIgniter\CodeIgniter->runController(Object(App\Controllers\Productos))
 8 SYSTEMPATH\CodeIgniter.php(368): CodeIgniter\CodeIgniter->handleRequest(null, Object(Config\Cache), false)
 9 FCPATH\index.php(67): CodeIgniter\CodeIgniter->run()
CRITICAL - 2023-02-12 17:16:40 --> Undefined variable $cabecera
in APPPATH\Views\productos\ventas.php on line 1.
 1 APPPATH\Views\productos\ventas.php(1): CodeIgniter\Debug\Exceptions->errorHandler(2, 'Undefined variable $cabecera', 'APPPATH\\Views\\productos\\ventas.php', 1)
 2 SYSTEMPATH\View\View.php(213): include('APPPATH\\Views\\productos\\ventas.php')
 3 SYSTEMPATH\View\View.php(216): CodeIgniter\View\View->CodeIgniter\View\{closure}()
 4 SYSTEMPATH\Common.php(1177): CodeIgniter\View\View->render('productos/ventas', [], true)
 5 APPPATH\Controllers\Productos.php(150): view('productos/ventas')
 6 SYSTEMPATH\CodeIgniter.php(934): App\Controllers\Productos->ventas()
 7 SYSTEMPATH\CodeIgniter.php(499): CodeIgniter\CodeIgniter->runController(Object(App\Controllers\Productos))
 8 SYSTEMPATH\CodeIgniter.php(368): CodeIgniter\CodeIgniter->handleRequest(null, Object(Config\Cache), false)
 9 FCPATH\index.php(67): CodeIgniter\CodeIgniter->run()
CRITICAL - 2023-02-12 17:16:41 --> Undefined variable $cabecera
in APPPATH\Views\productos\ventas.php on line 1.
 1 APPPATH\Views\productos\ventas.php(1): CodeIgniter\Debug\Exceptions->errorHandler(2, 'Undefined variable $cabecera', 'APPPATH\\Views\\productos\\ventas.php', 1)
 2 SYSTEMPATH\View\View.php(213): include('APPPATH\\Views\\productos\\ventas.php')
 3 SYSTEMPATH\View\View.php(216): CodeIgniter\View\View->CodeIgniter\View\{closure}()
 4 SYSTEMPATH\Common.php(1177): CodeIgniter\View\View->render('productos/ventas', [], true)
 5 APPPATH\Controllers\Productos.php(150): view('productos/ventas')
 6 SYSTEMPATH\CodeIgniter.php(934): App\Controllers\Productos->ventas()
 7 SYSTEMPATH\CodeIgniter.php(499): CodeIgniter\CodeIgniter->runController(Object(App\Controllers\Productos))
 8 SYSTEMPATH\CodeIgniter.php(368): CodeIgniter\CodeIgniter->handleRequest(null, Object(Config\Cache), false)
 9 FCPATH\index.php(67): CodeIgniter\CodeIgniter->run()
CRITICAL - 2023-02-12 17:16:42 --> Undefined variable $cabecera
in APPPATH\Views\productos\ventas.php on line 1.
 1 APPPATH\Views\productos\ventas.php(1): CodeIgniter\Debug\Exceptions->errorHandler(2, 'Undefined variable $cabecera', 'APPPATH\\Views\\productos\\ventas.php', 1)
 2 SYSTEMPATH\View\View.php(213): include('APPPATH\\Views\\productos\\ventas.php')
 3 SYSTEMPATH\View\View.php(216): CodeIgniter\View\View->CodeIgniter\View\{closure}()
 4 SYSTEMPATH\Common.php(1177): CodeIgniter\View\View->render('productos/ventas', [], true)
 5 APPPATH\Controllers\Productos.php(150): view('productos/ventas')
 6 SYSTEMPATH\CodeIgniter.php(934): App\Controllers\Productos->ventas()
 7 SYSTEMPATH\CodeIgniter.php(499): CodeIgniter\CodeIgniter->runController(Object(App\Controllers\Productos))
 8 SYSTEMPATH\CodeIgniter.php(368): CodeIgniter\CodeIgniter->handleRequest(null, Object(Config\Cache), false)
 9 FCPATH\index.php(67): CodeIgniter\CodeIgniter->run()
CRITICAL - 2023-02-12 17:16:42 --> Undefined variable $cabecera
in APPPATH\Views\productos\ventas.php on line 1.
 1 APPPATH\Views\productos\ventas.php(1): CodeIgniter\Debug\Exceptions->errorHandler(2, 'Undefined variable $cabecera', 'APPPATH\\Views\\productos\\ventas.php', 1)
 2 SYSTEMPATH\View\View.php(213): include('APPPATH\\Views\\productos\\ventas.php')
 3 SYSTEMPATH\View\View.php(216): CodeIgniter\View\View->CodeIgniter\View\{closure}()
 4 SYSTEMPATH\Common.php(1177): CodeIgniter\View\View->render('productos/ventas', [], true)
 5 APPPATH\Controllers\Productos.php(150): view('productos/ventas')
 6 SYSTEMPATH\CodeIgniter.php(934): App\Controllers\Productos->ventas()
 7 SYSTEMPATH\CodeIgniter.php(499): CodeIgniter\CodeIgniter->runController(Object(App\Controllers\Productos))
 8 SYSTEMPATH\CodeIgniter.php(368): CodeIgniter\CodeIgniter->handleRequest(null, Object(Config\Cache), false)
 9 FCPATH\index.php(67): CodeIgniter\CodeIgniter->run()
CRITICAL - 2023-02-12 17:16:42 --> Undefined variable $cabecera
in APPPATH\Views\productos\ventas.php on line 1.
 1 APPPATH\Views\productos\ventas.php(1): CodeIgniter\Debug\Exceptions->errorHandler(2, 'Undefined variable $cabecera', 'APPPATH\\Views\\productos\\ventas.php', 1)
 2 SYSTEMPATH\View\View.php(213): include('APPPATH\\Views\\productos\\ventas.php')
 3 SYSTEMPATH\View\View.php(216): CodeIgniter\View\View->CodeIgniter\View\{closure}()
 4 SYSTEMPATH\Common.php(1177): CodeIgniter\View\View->render('productos/ventas', [], true)
 5 APPPATH\Controllers\Productos.php(150): view('productos/ventas')
 6 SYSTEMPATH\CodeIgniter.php(934): App\Controllers\Productos->ventas()
 7 SYSTEMPATH\CodeIgniter.php(499): CodeIgniter\CodeIgniter->runController(Object(App\Controllers\Productos))
 8 SYSTEMPATH\CodeIgniter.php(368): CodeIgniter\CodeIgniter->handleRequest(null, Object(Config\Cache), false)
 9 FCPATH\index.php(67): CodeIgniter\CodeIgniter->run()
CRITICAL - 2023-02-12 17:16:43 --> Undefined variable $cabecera
in APPPATH\Views\productos\ventas.php on line 1.
 1 APPPATH\Views\productos\ventas.php(1): CodeIgniter\Debug\Exceptions->errorHandler(2, 'Undefined variable $cabecera', 'APPPATH\\Views\\productos\\ventas.php', 1)
 2 SYSTEMPATH\View\View.php(213): include('APPPATH\\Views\\productos\\ventas.php')
 3 SYSTEMPATH\View\View.php(216): CodeIgniter\View\View->CodeIgniter\View\{closure}()
 4 SYSTEMPATH\Common.php(1177): CodeIgniter\View\View->render('productos/ventas', [], true)
 5 APPPATH\Controllers\Productos.php(150): view('productos/ventas')
 6 SYSTEMPATH\CodeIgniter.php(934): App\Controllers\Productos->ventas()
 7 SYSTEMPATH\CodeIgniter.php(499): CodeIgniter\CodeIgniter->runController(Object(App\Controllers\Productos))
 8 SYSTEMPATH\CodeIgniter.php(368): CodeIgniter\CodeIgniter->handleRequest(null, Object(Config\Cache), false)
 9 FCPATH\index.php(67): CodeIgniter\CodeIgniter->run()
CRITICAL - 2023-02-12 17:16:43 --> Undefined variable $cabecera
in APPPATH\Views\productos\ventas.php on line 1.
 1 APPPATH\Views\productos\ventas.php(1): CodeIgniter\Debug\Exceptions->errorHandler(2, 'Undefined variable $cabecera', 'APPPATH\\Views\\productos\\ventas.php', 1)
 2 SYSTEMPATH\View\View.php(213): include('APPPATH\\Views\\productos\\ventas.php')
 3 SYSTEMPATH\View\View.php(216): CodeIgniter\View\View->CodeIgniter\View\{closure}()
 4 SYSTEMPATH\Common.php(1177): CodeIgniter\View\View->render('productos/ventas', [], true)
 5 APPPATH\Controllers\Productos.php(150): view('productos/ventas')
 6 SYSTEMPATH\CodeIgniter.php(934): App\Controllers\Productos->ventas()
 7 SYSTEMPATH\CodeIgniter.php(499): CodeIgniter\CodeIgniter->runController(Object(App\Controllers\Productos))
 8 SYSTEMPATH\CodeIgniter.php(368): CodeIgniter\CodeIgniter->handleRequest(null, Object(Config\Cache), false)
 9 FCPATH\index.php(67): CodeIgniter\CodeIgniter->run()
CRITICAL - 2023-02-12 17:16:43 --> Undefined variable $cabecera
in APPPATH\Views\productos\ventas.php on line 1.
 1 APPPATH\Views\productos\ventas.php(1): CodeIgniter\Debug\Exceptions->errorHandler(2, 'Undefined variable $cabecera', 'APPPATH\\Views\\productos\\ventas.php', 1)
 2 SYSTEMPATH\View\View.php(213): include('APPPATH\\Views\\productos\\ventas.php')
 3 SYSTEMPATH\View\View.php(216): CodeIgniter\View\View->CodeIgniter\View\{closure}()
 4 SYSTEMPATH\Common.php(1177): CodeIgniter\View\View->render('productos/ventas', [], true)
 5 APPPATH\Controllers\Productos.php(150): view('productos/ventas')
 6 SYSTEMPATH\CodeIgniter.php(934): App\Controllers\Productos->ventas()
 7 SYSTEMPATH\CodeIgniter.php(499): CodeIgniter\CodeIgniter->runController(Object(App\Controllers\Productos))
 8 SYSTEMPATH\CodeIgniter.php(368): CodeIgniter\CodeIgniter->handleRequest(null, Object(Config\Cache), false)
 9 FCPATH\index.php(67): CodeIgniter\CodeIgniter->run()
CRITICAL - 2023-02-12 17:16:43 --> Undefined variable $cabecera
in APPPATH\Views\productos\ventas.php on line 1.
 1 APPPATH\Views\productos\ventas.php(1): CodeIgniter\Debug\Exceptions->errorHandler(2, 'Undefined variable $cabecera', 'APPPATH\\Views\\productos\\ventas.php', 1)
 2 SYSTEMPATH\View\View.php(213): include('APPPATH\\Views\\productos\\ventas.php')
 3 SYSTEMPATH\View\View.php(216): CodeIgniter\View\View->CodeIgniter\View\{closure}()
 4 SYSTEMPATH\Common.php(1177): CodeIgniter\View\View->render('productos/ventas', [], true)
 5 APPPATH\Controllers\Productos.php(150): view('productos/ventas')
 6 SYSTEMPATH\CodeIgniter.php(934): App\Controllers\Productos->ventas()
 7 SYSTEMPATH\CodeIgniter.php(499): CodeIgniter\CodeIgniter->runController(Object(App\Controllers\Productos))
 8 SYSTEMPATH\CodeIgniter.php(368): CodeIgniter\CodeIgniter->handleRequest(null, Object(Config\Cache), false)
 9 FCPATH\index.php(67): CodeIgniter\CodeIgniter->run()
CRITICAL - 2023-02-12 17:17:43 --> Undefined variable $producto
in APPPATH\Views\productos\ventas.php on line 19.
 1 APPPATH\Views\productos\ventas.php(19): CodeIgniter\Debug\Exceptions->errorHandler(2, 'Undefined variable $producto', 'APPPATH\\Views\\productos\\ventas.php', 19)
 2 SYSTEMPATH\View\View.php(213): include('APPPATH\\Views\\productos\\ventas.php')
 3 SYSTEMPATH\View\View.php(216): CodeIgniter\View\View->CodeIgniter\View\{closure}()
 4 SYSTEMPATH\Common.php(1177): CodeIgniter\View\View->render('productos/ventas', [], true)
 5 APPPATH\Controllers\Productos.php(150): view('productos/ventas')
 6 SYSTEMPATH\CodeIgniter.php(934): App\Controllers\Productos->ventas()
 7 SYSTEMPATH\CodeIgniter.php(499): CodeIgniter\CodeIgniter->runController(Object(App\Controllers\Productos))
 8 SYSTEMPATH\CodeIgniter.php(368): CodeIgniter\CodeIgniter->handleRequest(null, Object(Config\Cache), false)
 9 FCPATH\index.php(67): CodeIgniter\CodeIgniter->run()
CRITICAL - 2023-02-12 17:17:44 --> Undefined variable $producto
in APPPATH\Views\productos\ventas.php on line 19.
 1 APPPATH\Views\productos\ventas.php(19): CodeIgniter\Debug\Exceptions->errorHandler(2, 'Undefined variable $producto', 'APPPATH\\Views\\productos\\ventas.php', 19)
 2 SYSTEMPATH\View\View.php(213): include('APPPATH\\Views\\productos\\ventas.php')
 3 SYSTEMPATH\View\View.php(216): CodeIgniter\View\View->CodeIgniter\View\{closure}()
 4 SYSTEMPATH\Common.php(1177): CodeIgniter\View\View->render('productos/ventas', [], true)
 5 APPPATH\Controllers\Productos.php(150): view('productos/ventas')
 6 SYSTEMPATH\CodeIgniter.php(934): App\Controllers\Productos->ventas()
 7 SYSTEMPATH\CodeIgniter.php(499): CodeIgniter\CodeIgniter->runController(Object(App\Controllers\Productos))
 8 SYSTEMPATH\CodeIgniter.php(368): CodeIgniter\CodeIgniter->handleRequest(null, Object(Config\Cache), false)
 9 FCPATH\index.php(67): CodeIgniter\CodeIgniter->run()
CRITICAL - 2023-02-12 17:17:45 --> Undefined variable $producto
in APPPATH\Views\productos\ventas.php on line 19.
 1 APPPATH\Views\productos\ventas.php(19): CodeIgniter\Debug\Exceptions->errorHandler(2, 'Undefined variable $producto', 'APPPATH\\Views\\productos\\ventas.php', 19)
 2 SYSTEMPATH\View\View.php(213): include('APPPATH\\Views\\productos\\ventas.php')
 3 SYSTEMPATH\View\View.php(216): CodeIgniter\View\View->CodeIgniter\View\{closure}()
 4 SYSTEMPATH\Common.php(1177): CodeIgniter\View\View->render('productos/ventas', [], true)
 5 APPPATH\Controllers\Productos.php(150): view('productos/ventas')
 6 SYSTEMPATH\CodeIgniter.php(934): App\Controllers\Productos->ventas()
 7 SYSTEMPATH\CodeIgniter.php(499): CodeIgniter\CodeIgniter->runController(Object(App\Controllers\Productos))
 8 SYSTEMPATH\CodeIgniter.php(368): CodeIgniter\CodeIgniter->handleRequest(null, Object(Config\Cache), false)
 9 FCPATH\index.php(67): CodeIgniter\CodeIgniter->run()
CRITICAL - 2023-02-12 17:19:27 --> Trying to access array offset on value of type null
in APPPATH\Views\productos\ventas.php on line 19.
 1 APPPATH\Views\productos\ventas.php(19): CodeIgniter\Debug\Exceptions->errorHandler(2, 'Trying to access array offset on value of type null', 'APPPATH\\Views\\productos\\ventas.php', 19)
 2 SYSTEMPATH\View\View.php(213): include('APPPATH\\Views\\productos\\ventas.php')
 3 SYSTEMPATH\View\View.php(216): CodeIgniter\View\View->CodeIgniter\View\{closure}()
 4 SYSTEMPATH\Common.php(1177): CodeIgniter\View\View->render('productos/ventas', [], true)
 5 APPPATH\Controllers\Productos.php(159): view('productos/ventas', [...])
 6 SYSTEMPATH\CodeIgniter.php(934): App\Controllers\Productos->ventas()
 7 SYSTEMPATH\CodeIgniter.php(499): CodeIgniter\CodeIgniter->runController(Object(App\Controllers\Productos))
 8 SYSTEMPATH\CodeIgniter.php(368): CodeIgniter\CodeIgniter->handleRequest(null, Object(Config\Cache), false)
 9 FCPATH\index.php(67): CodeIgniter\CodeIgniter->run()
CRITICAL - 2023-02-12 17:19:28 --> Trying to access array offset on value of type null
in APPPATH\Views\productos\ventas.php on line 19.
 1 APPPATH\Views\productos\ventas.php(19): CodeIgniter\Debug\Exceptions->errorHandler(2, 'Trying to access array offset on value of type null', 'APPPATH\\Views\\productos\\ventas.php', 19)
 2 SYSTEMPATH\View\View.php(213): include('APPPATH\\Views\\productos\\ventas.php')
 3 SYSTEMPATH\View\View.php(216): CodeIgniter\View\View->CodeIgniter\View\{closure}()
 4 SYSTEMPATH\Common.php(1177): CodeIgniter\View\View->render('productos/ventas', [], true)
 5 APPPATH\Controllers\Productos.php(159): view('productos/ventas', [...])
 6 SYSTEMPATH\CodeIgniter.php(934): App\Controllers\Productos->ventas()
 7 SYSTEMPATH\CodeIgniter.php(499): CodeIgniter\CodeIgniter->runController(Object(App\Controllers\Productos))
 8 SYSTEMPATH\CodeIgniter.php(368): CodeIgniter\CodeIgniter->handleRequest(null, Object(Config\Cache), false)
 9 FCPATH\index.php(67): CodeIgniter\CodeIgniter->run()
CRITICAL - 2023-02-12 17:20:26 --> Trying to access array offset on value of type null
in APPPATH\Views\productos\ventas.php on line 19.
 1 APPPATH\Views\productos\ventas.php(19): CodeIgniter\Debug\Exceptions->errorHandler(2, 'Trying to access array offset on value of type null', 'APPPATH\\Views\\productos\\ventas.php', 19)
 2 SYSTEMPATH\View\View.php(213): include('APPPATH\\Views\\productos\\ventas.php')
 3 SYSTEMPATH\View\View.php(216): CodeIgniter\View\View->CodeIgniter\View\{closure}()
 4 SYSTEMPATH\Common.php(1177): CodeIgniter\View\View->render('productos/ventas', [], true)
 5 APPPATH\Controllers\Productos.php(157): view('productos/ventas', [...])
 6 SYSTEMPATH\CodeIgniter.php(934): App\Controllers\Productos->ventas()
 7 SYSTEMPATH\CodeIgniter.php(499): CodeIgniter\CodeIgniter->runController(Object(App\Controllers\Productos))
 8 SYSTEMPATH\CodeIgniter.php(368): CodeIgniter\CodeIgniter->handleRequest(null, Object(Config\Cache), false)
 9 FCPATH\index.php(67): CodeIgniter\CodeIgniter->run()
CRITICAL - 2023-02-12 17:20:27 --> Trying to access array offset on value of type null
in APPPATH\Views\productos\ventas.php on line 19.
 1 APPPATH\Views\productos\ventas.php(19): CodeIgniter\Debug\Exceptions->errorHandler(2, 'Trying to access array offset on value of type null', 'APPPATH\\Views\\productos\\ventas.php', 19)
 2 SYSTEMPATH\View\View.php(213): include('APPPATH\\Views\\productos\\ventas.php')
 3 SYSTEMPATH\View\View.php(216): CodeIgniter\View\View->CodeIgniter\View\{closure}()
 4 SYSTEMPATH\Common.php(1177): CodeIgniter\View\View->render('productos/ventas', [], true)
 5 APPPATH\Controllers\Productos.php(157): view('productos/ventas', [...])
 6 SYSTEMPATH\CodeIgniter.php(934): App\Controllers\Productos->ventas()
 7 SYSTEMPATH\CodeIgniter.php(499): CodeIgniter\CodeIgniter->runController(Object(App\Controllers\Productos))
 8 SYSTEMPATH\CodeIgniter.php(368): CodeIgniter\CodeIgniter->handleRequest(null, Object(Config\Cache), false)
 9 FCPATH\index.php(67): CodeIgniter\CodeIgniter->run()
CRITICAL - 2023-02-12 17:20:28 --> Trying to access array offset on value of type null
in APPPATH\Views\productos\ventas.php on line 19.
 1 APPPATH\Views\productos\ventas.php(19): CodeIgniter\Debug\Exceptions->errorHandler(2, 'Trying to access array offset on value of type null', 'APPPATH\\Views\\productos\\ventas.php', 19)
 2 SYSTEMPATH\View\View.php(213): include('APPPATH\\Views\\productos\\ventas.php')
 3 SYSTEMPATH\View\View.php(216): CodeIgniter\View\View->CodeIgniter\View\{closure}()
 4 SYSTEMPATH\Common.php(1177): CodeIgniter\View\View->render('productos/ventas', [], true)
 5 APPPATH\Controllers\Productos.php(157): view('productos/ventas', [...])
 6 SYSTEMPATH\CodeIgniter.php(934): App\Controllers\Productos->ventas()
 7 SYSTEMPATH\CodeIgniter.php(499): CodeIgniter\CodeIgniter->runController(Object(App\Controllers\Productos))
 8 SYSTEMPATH\CodeIgniter.php(368): CodeIgniter\CodeIgniter->handleRequest(null, Object(Config\Cache), false)
 9 FCPATH\index.php(67): CodeIgniter\CodeIgniter->run()
CRITICAL - 2023-02-12 17:20:28 --> Trying to access array offset on value of type null
in APPPATH\Views\productos\ventas.php on line 19.
 1 APPPATH\Views\productos\ventas.php(19): CodeIgniter\Debug\Exceptions->errorHandler(2, 'Trying to access array offset on value of type null', 'APPPATH\\Views\\productos\\ventas.php', 19)
 2 SYSTEMPATH\View\View.php(213): include('APPPATH\\Views\\productos\\ventas.php')
 3 SYSTEMPATH\View\View.php(216): CodeIgniter\View\View->CodeIgniter\View\{closure}()
 4 SYSTEMPATH\Common.php(1177): CodeIgniter\View\View->render('productos/ventas', [], true)
 5 APPPATH\Controllers\Productos.php(157): view('productos/ventas', [...])
 6 SYSTEMPATH\CodeIgniter.php(934): App\Controllers\Productos->ventas()
 7 SYSTEMPATH\CodeIgniter.php(499): CodeIgniter\CodeIgniter->runController(Object(App\Controllers\Productos))
 8 SYSTEMPATH\CodeIgniter.php(368): CodeIgniter\CodeIgniter->handleRequest(null, Object(Config\Cache), false)
 9 FCPATH\index.php(67): CodeIgniter\CodeIgniter->run()
CRITICAL - 2023-02-12 17:20:59 --> Trying to access array offset on value of type null
in APPPATH\Views\productos\ventas.php on line 19.
 1 APPPATH\Views\productos\ventas.php(19): CodeIgniter\Debug\Exceptions->errorHandler(2, 'Trying to access array offset on value of type null', 'APPPATH\\Views\\productos\\ventas.php', 19)
 2 SYSTEMPATH\View\View.php(213): include('APPPATH\\Views\\productos\\ventas.php')
 3 SYSTEMPATH\View\View.php(216): CodeIgniter\View\View->CodeIgniter\View\{closure}()
 4 SYSTEMPATH\Common.php(1177): CodeIgniter\View\View->render('productos/ventas', [], true)
 5 APPPATH\Controllers\Productos.php(157): view('productos/ventas', [...])
 6 SYSTEMPATH\CodeIgniter.php(934): App\Controllers\Productos->ventas()
 7 SYSTEMPATH\CodeIgniter.php(499): CodeIgniter\CodeIgniter->runController(Object(App\Controllers\Productos))
 8 SYSTEMPATH\CodeIgniter.php(368): CodeIgniter\CodeIgniter->handleRequest(null, Object(Config\Cache), false)
 9 FCPATH\index.php(67): CodeIgniter\CodeIgniter->run()
CRITICAL - 2023-02-12 17:21:00 --> Trying to access array offset on value of type null
in APPPATH\Views\productos\ventas.php on line 19.
 1 APPPATH\Views\productos\ventas.php(19): CodeIgniter\Debug\Exceptions->errorHandler(2, 'Trying to access array offset on value of type null', 'APPPATH\\Views\\productos\\ventas.php', 19)
 2 SYSTEMPATH\View\View.php(213): include('APPPATH\\Views\\productos\\ventas.php')
 3 SYSTEMPATH\View\View.php(216): CodeIgniter\View\View->CodeIgniter\View\{closure}()
 4 SYSTEMPATH\Common.php(1177): CodeIgniter\View\View->render('productos/ventas', [], true)
 5 APPPATH\Controllers\Productos.php(157): view('productos/ventas', [...])
 6 SYSTEMPATH\CodeIgniter.php(934): App\Controllers\Productos->ventas()
 7 SYSTEMPATH\CodeIgniter.php(499): CodeIgniter\CodeIgniter->runController(Object(App\Controllers\Productos))
 8 SYSTEMPATH\CodeIgniter.php(368): CodeIgniter\CodeIgniter->handleRequest(null, Object(Config\Cache), false)
 9 FCPATH\index.php(67): CodeIgniter\CodeIgniter->run()
CRITICAL - 2023-02-12 17:21:00 --> Trying to access array offset on value of type null
in APPPATH\Views\productos\ventas.php on line 19.
 1 APPPATH\Views\productos\ventas.php(19): CodeIgniter\Debug\Exceptions->errorHandler(2, 'Trying to access array offset on value of type null', 'APPPATH\\Views\\productos\\ventas.php', 19)
 2 SYSTEMPATH\View\View.php(213): include('APPPATH\\Views\\productos\\ventas.php')
 3 SYSTEMPATH\View\View.php(216): CodeIgniter\View\View->CodeIgniter\View\{closure}()
 4 SYSTEMPATH\Common.php(1177): CodeIgniter\View\View->render('productos/ventas', [], true)
 5 APPPATH\Controllers\Productos.php(157): view('productos/ventas', [...])
 6 SYSTEMPATH\CodeIgniter.php(934): App\Controllers\Productos->ventas()
 7 SYSTEMPATH\CodeIgniter.php(499): CodeIgniter\CodeIgniter->runController(Object(App\Controllers\Productos))
 8 SYSTEMPATH\CodeIgniter.php(368): CodeIgniter\CodeIgniter->handleRequest(null, Object(Config\Cache), false)
 9 FCPATH\index.php(67): CodeIgniter\CodeIgniter->run()
CRITICAL - 2023-02-12 17:21:07 --> Trying to access array offset on value of type null
in APPPATH\Views\productos\ventas.php on line 23.
 1 APPPATH\Views\productos\ventas.php(23): CodeIgniter\Debug\Exceptions->errorHandler(2, 'Trying to access array offset on value of type null', 'APPPATH\\Views\\productos\\ventas.php', 23)
 2 SYSTEMPATH\View\View.php(213): include('APPPATH\\Views\\productos\\ventas.php')
 3 SYSTEMPATH\View\View.php(216): CodeIgniter\View\View->CodeIgniter\View\{closure}()
 4 SYSTEMPATH\Common.php(1177): CodeIgniter\View\View->render('productos/ventas', [], true)
 5 APPPATH\Controllers\Productos.php(157): view('productos/ventas', [...])
 6 SYSTEMPATH\CodeIgniter.php(934): App\Controllers\Productos->ventas()
 7 SYSTEMPATH\CodeIgniter.php(499): CodeIgniter\CodeIgniter->runController(Object(App\Controllers\Productos))
 8 SYSTEMPATH\CodeIgniter.php(368): CodeIgniter\CodeIgniter->handleRequest(null, Object(Config\Cache), false)
 9 FCPATH\index.php(67): CodeIgniter\CodeIgniter->run()
CRITICAL - 2023-02-12 17:21:08 --> Trying to access array offset on value of type null
in APPPATH\Views\productos\ventas.php on line 23.
 1 APPPATH\Views\productos\ventas.php(23): CodeIgniter\Debug\Exceptions->errorHandler(2, 'Trying to access array offset on value of type null', 'APPPATH\\Views\\productos\\ventas.php', 23)
 2 SYSTEMPATH\View\View.php(213): include('APPPATH\\Views\\productos\\ventas.php')
 3 SYSTEMPATH\View\View.php(216): CodeIgniter\View\View->CodeIgniter\View\{closure}()
 4 SYSTEMPATH\Common.php(1177): CodeIgniter\View\View->render('productos/ventas', [], true)
 5 APPPATH\Controllers\Productos.php(157): view('productos/ventas', [...])
 6 SYSTEMPATH\CodeIgniter.php(934): App\Controllers\Productos->ventas()
 7 SYSTEMPATH\CodeIgniter.php(499): CodeIgniter\CodeIgniter->runController(Object(App\Controllers\Productos))
 8 SYSTEMPATH\CodeIgniter.php(368): CodeIgniter\CodeIgniter->handleRequest(null, Object(Config\Cache), false)
 9 FCPATH\index.php(67): CodeIgniter\CodeIgniter->run()
CRITICAL - 2023-02-12 17:21:09 --> Trying to access array offset on value of type null
in APPPATH\Views\productos\ventas.php on line 23.
 1 APPPATH\Views\productos\ventas.php(23): CodeIgniter\Debug\Exceptions->errorHandler(2, 'Trying to access array offset on value of type null', 'APPPATH\\Views\\productos\\ventas.php', 23)
 2 SYSTEMPATH\View\View.php(213): include('APPPATH\\Views\\productos\\ventas.php')
 3 SYSTEMPATH\View\View.php(216): CodeIgniter\View\View->CodeIgniter\View\{closure}()
 4 SYSTEMPATH\Common.php(1177): CodeIgniter\View\View->render('productos/ventas', [], true)
 5 APPPATH\Controllers\Productos.php(157): view('productos/ventas', [...])
 6 SYSTEMPATH\CodeIgniter.php(934): App\Controllers\Productos->ventas()
 7 SYSTEMPATH\CodeIgniter.php(499): CodeIgniter\CodeIgniter->runController(Object(App\Controllers\Productos))
 8 SYSTEMPATH\CodeIgniter.php(368): CodeIgniter\CodeIgniter->handleRequest(null, Object(Config\Cache), false)
 9 FCPATH\index.php(67): CodeIgniter\CodeIgniter->run()
CRITICAL - 2023-02-12 17:21:09 --> Trying to access array offset on value of type null
in APPPATH\Views\productos\ventas.php on line 23.
 1 APPPATH\Views\productos\ventas.php(23): CodeIgniter\Debug\Exceptions->errorHandler(2, 'Trying to access array offset on value of type null', 'APPPATH\\Views\\productos\\ventas.php', 23)
 2 SYSTEMPATH\View\View.php(213): include('APPPATH\\Views\\productos\\ventas.php')
 3 SYSTEMPATH\View\View.php(216): CodeIgniter\View\View->CodeIgniter\View\{closure}()
 4 SYSTEMPATH\Common.php(1177): CodeIgniter\View\View->render('productos/ventas', [], true)
 5 APPPATH\Controllers\Productos.php(157): view('productos/ventas', [...])
 6 SYSTEMPATH\CodeIgniter.php(934): App\Controllers\Productos->ventas()
 7 SYSTEMPATH\CodeIgniter.php(499): CodeIgniter\CodeIgniter->runController(Object(App\Controllers\Productos))
 8 SYSTEMPATH\CodeIgniter.php(368): CodeIgniter\CodeIgniter->handleRequest(null, Object(Config\Cache), false)
 9 FCPATH\index.php(67): CodeIgniter\CodeIgniter->run()
CRITICAL - 2023-02-12 17:21:10 --> Trying to access array offset on value of type null
in APPPATH\Views\productos\ventas.php on line 23.
 1 APPPATH\Views\productos\ventas.php(23): CodeIgniter\Debug\Exceptions->errorHandler(2, 'Trying to access array offset on value of type null', 'APPPATH\\Views\\productos\\ventas.php', 23)
 2 SYSTEMPATH\View\View.php(213): include('APPPATH\\Views\\productos\\ventas.php')
 3 SYSTEMPATH\View\View.php(216): CodeIgniter\View\View->CodeIgniter\View\{closure}()
 4 SYSTEMPATH\Common.php(1177): CodeIgniter\View\View->render('productos/ventas', [], true)
 5 APPPATH\Controllers\Productos.php(157): view('productos/ventas', [...])
 6 SYSTEMPATH\CodeIgniter.php(934): App\Controllers\Productos->ventas()
 7 SYSTEMPATH\CodeIgniter.php(499): CodeIgniter\CodeIgniter->runController(Object(App\Controllers\Productos))
 8 SYSTEMPATH\CodeIgniter.php(368): CodeIgniter\CodeIgniter->handleRequest(null, Object(Config\Cache), false)
 9 FCPATH\index.php(67): CodeIgniter\CodeIgniter->run()
CRITICAL - 2023-02-12 19:52:00 --> Undefined variable $producto
in APPPATH\Views\productos\ventas.php on line 14.
 1 APPPATH\Views\productos\ventas.php(14): CodeIgniter\Debug\Exceptions->errorHandler(2, 'Undefined variable $producto', 'APPPATH\\Views\\productos\\ventas.php', 14)
 2 SYSTEMPATH\View\View.php(213): include('APPPATH\\Views\\productos\\ventas.php')
 3 SYSTEMPATH\View\View.php(216): CodeIgniter\View\View->CodeIgniter\View\{closure}()
 4 SYSTEMPATH\Common.php(1177): CodeIgniter\View\View->render('productos/ventas', [], true)
 5 APPPATH\Controllers\Productos.php(156): view('productos/ventas', [...])
 6 SYSTEMPATH\CodeIgniter.php(934): App\Controllers\Productos->ventas()
 7 SYSTEMPATH\CodeIgniter.php(499): CodeIgniter\CodeIgniter->runController(Object(App\Controllers\Productos))
 8 SYSTEMPATH\CodeIgniter.php(368): CodeIgniter\CodeIgniter->handleRequest(null, Object(Config\Cache), false)
 9 FCPATH\index.php(67): CodeIgniter\CodeIgniter->run()
CRITICAL - 2023-02-12 19:53:12 --> Undefined variable $producto
in APPPATH\Views\productos\ventas.php on line 14.
 1 APPPATH\Views\productos\ventas.php(14): CodeIgniter\Debug\Exceptions->errorHandler(2, 'Undefined variable $producto', 'APPPATH\\Views\\productos\\ventas.php', 14)
 2 SYSTEMPATH\View\View.php(213): include('APPPATH\\Views\\productos\\ventas.php')
 3 SYSTEMPATH\View\View.php(216): CodeIgniter\View\View->CodeIgniter\View\{closure}()
 4 SYSTEMPATH\Common.php(1177): CodeIgniter\View\View->render('productos/ventas', [], true)
 5 APPPATH\Controllers\Productos.php(156): view('productos/ventas', [...])
 6 SYSTEMPATH\CodeIgniter.php(934): App\Controllers\Productos->ventas()
 7 SYSTEMPATH\CodeIgniter.php(499): CodeIgniter\CodeIgniter->runController(Object(App\Controllers\Productos))
 8 SYSTEMPATH\CodeIgniter.php(368): CodeIgniter\CodeIgniter->handleRequest(null, Object(Config\Cache), false)
 9 FCPATH\index.php(67): CodeIgniter\CodeIgniter->run()
CRITICAL - 2023-02-12 19:53:19 --> Undefined variable $producto
in APPPATH\Views\productos\ventas.php on line 14.
 1 APPPATH\Views\productos\ventas.php(14): CodeIgniter\Debug\Exceptions->errorHandler(2, 'Undefined variable $producto', 'APPPATH\\Views\\productos\\ventas.php', 14)
 2 SYSTEMPATH\View\View.php(213): include('APPPATH\\Views\\productos\\ventas.php')
 3 SYSTEMPATH\View\View.php(216): CodeIgniter\View\View->CodeIgniter\View\{closure}()
 4 SYSTEMPATH\Common.php(1177): CodeIgniter\View\View->render('productos/ventas', [], true)
 5 APPPATH\Controllers\Productos.php(156): view('productos/ventas', [...])
 6 SYSTEMPATH\CodeIgniter.php(934): App\Controllers\Productos->ventas()
 7 SYSTEMPATH\CodeIgniter.php(499): CodeIgniter\CodeIgniter->runController(Object(App\Controllers\Productos))
 8 SYSTEMPATH\CodeIgniter.php(368): CodeIgniter\CodeIgniter->handleRequest(null, Object(Config\Cache), false)
 9 FCPATH\index.php(67): CodeIgniter\CodeIgniter->run()
CRITICAL - 2023-02-12 19:54:18 --> Undefined variable $producto
in APPPATH\Views\productos\ventas.php on line 14.
 1 APPPATH\Views\productos\ventas.php(14): CodeIgniter\Debug\Exceptions->errorHandler(2, 'Undefined variable $producto', 'APPPATH\\Views\\productos\\ventas.php', 14)
 2 SYSTEMPATH\View\View.php(213): include('APPPATH\\Views\\productos\\ventas.php')
 3 SYSTEMPATH\View\View.php(216): CodeIgniter\View\View->CodeIgniter\View\{closure}()
 4 SYSTEMPATH\Common.php(1177): CodeIgniter\View\View->render('productos/ventas', [], true)
 5 APPPATH\Controllers\Productos.php(156): view('productos/ventas', [...])
 6 SYSTEMPATH\CodeIgniter.php(934): App\Controllers\Productos->ventas()
 7 SYSTEMPATH\CodeIgniter.php(499): CodeIgniter\CodeIgniter->runController(Object(App\Controllers\Productos))
 8 SYSTEMPATH\CodeIgniter.php(368): CodeIgniter\CodeIgniter->handleRequest(null, Object(Config\Cache), false)
 9 FCPATH\index.php(67): CodeIgniter\CodeIgniter->run()
CRITICAL - 2023-02-12 19:54:19 --> Undefined variable $producto
in APPPATH\Views\productos\ventas.php on line 14.
 1 APPPATH\Views\productos\ventas.php(14): CodeIgniter\Debug\Exceptions->errorHandler(2, 'Undefined variable $producto', 'APPPATH\\Views\\productos\\ventas.php', 14)
 2 SYSTEMPATH\View\View.php(213): include('APPPATH\\Views\\productos\\ventas.php')
 3 SYSTEMPATH\View\View.php(216): CodeIgniter\View\View->CodeIgniter\View\{closure}()
 4 SYSTEMPATH\Common.php(1177): CodeIgniter\View\View->render('productos/ventas', [], true)
 5 APPPATH\Controllers\Productos.php(156): view('productos/ventas', [...])
 6 SYSTEMPATH\CodeIgniter.php(934): App\Controllers\Productos->ventas()
 7 SYSTEMPATH\CodeIgniter.php(499): CodeIgniter\CodeIgniter->runController(Object(App\Controllers\Productos))
 8 SYSTEMPATH\CodeIgniter.php(368): CodeIgniter\CodeIgniter->handleRequest(null, Object(Config\Cache), false)
 9 FCPATH\index.php(67): CodeIgniter\CodeIgniter->run()
CRITICAL - 2023-02-12 19:54:20 --> Undefined variable $producto
in APPPATH\Views\productos\ventas.php on line 14.
 1 APPPATH\Views\productos\ventas.php(14): CodeIgniter\Debug\Exceptions->errorHandler(2, 'Undefined variable $producto', 'APPPATH\\Views\\productos\\ventas.php', 14)
 2 SYSTEMPATH\View\View.php(213): include('APPPATH\\Views\\productos\\ventas.php')
 3 SYSTEMPATH\View\View.php(216): CodeIgniter\View\View->CodeIgniter\View\{closure}()
 4 SYSTEMPATH\Common.php(1177): CodeIgniter\View\View->render('productos/ventas', [], true)
 5 APPPATH\Controllers\Productos.php(156): view('productos/ventas', [...])
 6 SYSTEMPATH\CodeIgniter.php(934): App\Controllers\Productos->ventas()
 7 SYSTEMPATH\CodeIgniter.php(499): CodeIgniter\CodeIgniter->runController(Object(App\Controllers\Productos))
 8 SYSTEMPATH\CodeIgniter.php(368): CodeIgniter\CodeIgniter->handleRequest(null, Object(Config\Cache), false)
 9 FCPATH\index.php(67): CodeIgniter\CodeIgniter->run()
CRITICAL - 2023-02-12 19:54:20 --> Undefined variable $producto
in APPPATH\Views\productos\ventas.php on line 14.
 1 APPPATH\Views\productos\ventas.php(14): CodeIgniter\Debug\Exceptions->errorHandler(2, 'Undefined variable $producto', 'APPPATH\\Views\\productos\\ventas.php', 14)
 2 SYSTEMPATH\View\View.php(213): include('APPPATH\\Views\\productos\\ventas.php')
 3 SYSTEMPATH\View\View.php(216): CodeIgniter\View\View->CodeIgniter\View\{closure}()
 4 SYSTEMPATH\Common.php(1177): CodeIgniter\View\View->render('productos/ventas', [], true)
 5 APPPATH\Controllers\Productos.php(156): view('productos/ventas', [...])
 6 SYSTEMPATH\CodeIgniter.php(934): App\Controllers\Productos->ventas()
 7 SYSTEMPATH\CodeIgniter.php(499): CodeIgniter\CodeIgniter->runController(Object(App\Controllers\Productos))
 8 SYSTEMPATH\CodeIgniter.php(368): CodeIgniter\CodeIgniter->handleRequest(null, Object(Config\Cache), false)
 9 FCPATH\index.php(67): CodeIgniter\CodeIgniter->run()
CRITICAL - 2023-02-12 19:54:22 --> Undefined variable $producto
in APPPATH\Views\productos\ventas.php on line 14.
 1 APPPATH\Views\productos\ventas.php(14): CodeIgniter\Debug\Exceptions->errorHandler(2, 'Undefined variable $producto', 'APPPATH\\Views\\productos\\ventas.php', 14)
 2 SYSTEMPATH\View\View.php(213): include('APPPATH\\Views\\productos\\ventas.php')
 3 SYSTEMPATH\View\View.php(216): CodeIgniter\View\View->CodeIgniter\View\{closure}()
 4 SYSTEMPATH\Common.php(1177): CodeIgniter\View\View->render('productos/ventas', [], true)
 5 APPPATH\Controllers\Productos.php(156): view('productos/ventas', [...])
 6 SYSTEMPATH\CodeIgniter.php(934): App\Controllers\Productos->ventas()
 7 SYSTEMPATH\CodeIgniter.php(499): CodeIgniter\CodeIgniter->runController(Object(App\Controllers\Productos))
 8 SYSTEMPATH\CodeIgniter.php(368): CodeIgniter\CodeIgniter->handleRequest(null, Object(Config\Cache), false)
 9 FCPATH\index.php(67): CodeIgniter\CodeIgniter->run()
CRITICAL - 2023-02-12 19:54:25 --> Undefined variable $producto
in APPPATH\Views\productos\ventas.php on line 14.
 1 APPPATH\Views\productos\ventas.php(14): CodeIgniter\Debug\Exceptions->errorHandler(2, 'Undefined variable $producto', 'APPPATH\\Views\\productos\\ventas.php', 14)
 2 SYSTEMPATH\View\View.php(213): include('APPPATH\\Views\\productos\\ventas.php')
 3 SYSTEMPATH\View\View.php(216): CodeIgniter\View\View->CodeIgniter\View\{closure}()
 4 SYSTEMPATH\Common.php(1177): CodeIgniter\View\View->render('productos/ventas', [], true)
 5 APPPATH\Controllers\Productos.php(156): view('productos/ventas', [...])
 6 SYSTEMPATH\CodeIgniter.php(934): App\Controllers\Productos->ventas()
 7 SYSTEMPATH\CodeIgniter.php(499): CodeIgniter\CodeIgniter->runController(Object(App\Controllers\Productos))
 8 SYSTEMPATH\CodeIgniter.php(368): CodeIgniter\CodeIgniter->handleRequest(null, Object(Config\Cache), false)
 9 FCPATH\index.php(67): CodeIgniter\CodeIgniter->run()
